#
# A fatal error has been detected by the Java Runtime Environment:
#
#  SIGSEGV (0xb) at pc=0x0000000119af658d, pid=21057, tid=1811
#
# JRE version: Java(TM) SE Runtime Environment (8.0_45-b14) (build 1.8.0_45-b14)
# Java VM: Java HotSpot(TM) 64-Bit Server VM (25.45-b02 mixed mode bsd-amd64 compressed oops)
# Problematic frame:
# C  [libglass.dylib+0x1558d]  GlassScreenDidChangeScreenParameters+0x9d
#
# Failed to write core dump. Core dumps have been disabled. To enable core dumping, try "ulimit -c unlimited" before starting Java again
#
# If you would like to submit a bug report, please visit:
#   http://bugreport.java.com/bugreport/crash.jsp
#

---------------  T H R E A D  ---------------

Current thread is native thread

siginfo: si_signo: 11 (SIGSEGV), si_code: 1 (SEGV_MAPERR), si_addr: 0x0000000000000000

Registers:
RAX=0x0000000119b28bc0, RBX=0x0000000000000000, RCX=0x3d000ac3c4d7f8e6, RDX=0x00007ff56d6130c8
RSP=0x00007fff5dbbe320, RBP=0x00007fff5dbbe330, RSI=0x00007ff56ae04e80, RDI=0x0000000000000000
R8 =0x00007fff5dbbe1d0, R9 =0x00007fff7db7f300, R10=0x0000000000000000, R11=0x0000000000000246
R12=0x00007ff56af11630, R13=0x00000000000f426a, R14=0x00007ff56ac3d040, R15=0x00007fff5dbbe470
RIP=0x0000000119af658d, EFLAGS=0x0000000000010202, ERR=0x0000000000000004
  TRAPNO=0x000000000000000e

Top of Stack: (sp=0x00007fff5dbbe320)
0x00007fff5dbbe320:   00007fff5dbbe500 00007ff56ac3d040
0x00007fff5dbbe330:   00007fff5dbbe340 00007fff9423645c
0x00007fff5dbbe340:   00007fff5dbbe6a0 00007fff94126634
0x00007fff5dbbe350:   00007fff5dbbe3a0 0000000000001400
0x00007fff5dbbe360:   00007fff7defaed0 00007ff5742f5d20
0x00007fff5dbbe370:   0000000000001002 00000000000008e8
0x00007fff5dbbe380:   00007ff5742f5d20 00007ff56ac3d040
0x00007fff5dbbe390:   0000000000000000 00007fff5dbbe470
0x00007fff5dbbe3a0:   0000000000000000 00007ff56ac3d000
0x00007fff5dbbe3b0:   00007fff5dbbe4f0 000000000000005f
0x00007fff5dbbe3c0:   00000000000f43ac 00007ff56d621eb0
0x00007fff5dbbe3d0:   00007ff56ae42fd0 00007ff56af11630
0x00007fff5dbbe3e0:   0000000000000001 00000000000f426a
0x00007fff5dbbe3f0:   00007ff56af11620 00007fff91e18acb
0x00007fff5dbbe400:   0000000000000001 0000000000000001
0x00007fff5dbbe410:   0000000000000030 0000000000000001
0x00007fff5dbbe420:   00007fff5dbbe440 00007fff91e1e231
0x00007fff5dbbe430:   00007fff7def8fb0 0000000000000000
0x00007fff5dbbe440:   00007fff5dbbe460 0000000000000028
0x00007fff5dbbe450:   00051903000002a0 00007ff56af11654
0x00007fff5dbbe460:   0000000000000000 00007fff9411c10f
0x00007fff5dbbe470:   00007ff56ac3d040 00007fff7def8fb0
0x00007fff5dbbe480:   00007fff5dbbe500 00007fff94124c3f
0x00007fff5dbbe490:   0000000000000001 000000010205a000
0x00007fff5dbbe4a0:   000000010205da00 0000000000000002
0x00007fff5dbbe4b0:   000000010205a000 00007ff56ad5bc42
0x00007fff5dbbe4c0:   0000000000000003 000000010205ee00
0x00007fff5dbbe4d0:   00007fff5dbbe5c0 00007fff91e172a2
0x00007fff5dbbe4e0:   00007ff56ad5b8b0 00007fff5dbbe6a8
0x00007fff5dbbe4f0:   0000000000000017 0000000000000000
0x00007fff5dbbe500:   00000000000f426a 00007fff9411c403
0x00007fff5dbbe510:   00007fff00000000 00007ff56ac37b90 

Instructions: (pc=0x0000000119af658d)
0x0000000119af656d:   89 df 4c 89 f1 41 ff 90 68 04 00 00 48 8d 05 48
0x0000000119af657d:   25 03 00 48 8b 30 48 8d 05 36 26 03 00 48 8b 10
0x0000000119af658d:   48 8b 0b 30 c0 48 89 df ff 91 68 04 00 00 48 8b
0x0000000119af659d:   03 48 89 df ff 50 78 48 85 c0 74 36 49 89 c6 48 

Register to memory mapping:

RAX=0x0000000119b28bc0: jScreenNotifySettingsChanged+0 in /Library/Java/JavaVirtualMachines/jdk1.8.0_45.jdk/Contents/Home/jre/lib/libglass.dylib at 0x0000000119ae1000
RBX=0x0000000000000000 is an unknown value
RCX=0x3d000ac3c4d7f8e6 is an unknown value
RDX=0x00007ff56d6130c8 is an unknown value
RSP=0x00007fff5dbbe320 is an unknown value
RBP=0x00007fff5dbbe330 is an unknown value
RSI=0x00007ff56ae04e80 is a global jni handle
RDI=0x0000000000000000 is an unknown value
R8 =0x00007fff5dbbe1d0 is an unknown value
R9 =0x00007fff7db7f300: _thread+0 in /usr/lib/system/libsystem_pthread.dylib at 0x00007fff92254000
R10=0x0000000000000000 is an unknown value
R11=0x0000000000000246 is an unknown value
R12=0x00007ff56af11630 is an unknown value
R13=0x00000000000f426a is an unknown value
R14=0x00007ff56ac3d040 is an unknown value
R15=0x00007fff5dbbe470 is an unknown value


Stack: [0x00007fff5d3c1000,0x00007fff5dbc1000],  sp=0x00007fff5dbbe320,  free space=8180k
Native frames: (J=compiled Java code, j=interpreted, Vv=VM code, C=native code)
C  [libglass.dylib+0x1558d]  GlassScreenDidChangeScreenParameters+0x9d
C  [CoreFoundation+0x12045c]  __CFNOTIFICATIONCENTER_IS_CALLING_OUT_TO_AN_OBSERVER__+0xc
C  [CoreFoundation+0x10634]  _CFXNotificationPost+0xc44
C  [Foundation+0x79d1]  -[NSNotificationCenter postNotificationName:object:userInfo:]+0x42
C  [AppKit+0x40df7e]  -[NSApplication _reactToScreenInvalidationImmediately:]+0x17b
C  [AppKit+0x40ddc7]  __44-[NSApplication _reactToScreenInvalidation:]_block_invoke+0x4b
C  [CoreFoundation+0x808ec]  __CFRUNLOOP_IS_CALLING_OUT_TO_A_BLOCK__+0xc
C  [CoreFoundation+0x729f5]  __CFRunLoopDoBlocks+0x155
C  [CoreFoundation+0x72536]  __CFRunLoopRun+0x716
C  [CoreFoundation+0x71bd8]  CFRunLoopRunSpecific+0x128
C  [java+0x6490]  CreateExecutionEnvironment+0x367
C  [java+0x221c]  JLI_Launch+0x7a0
C  [java+0x84ed]  main+0x65
C  [java+0x1a74]  start+0x34


---------------  P R O C E S S  ---------------

VM state:not at safepoint (normal execution)

VM Mutex/Monitor currently owned by a thread: None

Heap:
 PSYoungGen      total 20480K, used 2610K [0x00000007aab00000, 0x00000007ac380000, 0x00000007c0000000)
  eden space 15872K, 16% used [0x00000007aab00000,0x00000007aad7cb10,0x00000007aba80000)
  from space 4608K, 1% used [0x00000007abf00000,0x00000007abf10000,0x00000007ac380000)
  to   space 4608K, 0% used [0x00000007aba80000,0x00000007aba80000,0x00000007abf00000)
 ParOldGen       total 44032K, used 7219K [0x0000000780000000, 0x0000000782b00000, 0x00000007aab00000)
  object space 44032K, 16% used [0x0000000780000000,0x000000078070ce08,0x0000000782b00000)
 Metaspace       used 15884K, capacity 16848K, committed 17024K, reserved 1062912K
  class space    used 2349K, capacity 2566K, committed 2688K, reserved 1048576K

Card table byte_map: [0x0000000112e2c000,0x000000011302d000] byte_map_base: 0x000000010f22c000

Marking Bits: (ParMarkBitMap*) 0x00000001032c27a0
 Begin Bits: [0x000000011358f000, 0x000000011458f000)
 End Bits:   [0x000000011458f000, 0x000000011558f000)

Polling page: 0x0000000102198000

CodeCache: size=245760Kb used=6097Kb max_used=6097Kb free=239662Kb
 bounds [0x0000000103a6c000, 0x000000010406c000, 0x0000000112a6c000]
 total_blobs=2660 nmethods=2021 adapters=551
 compilation: enabled

Compilation events (10 events):
Event: 5415.337 Thread 0x00007ff56b029800 2024       3       java.util.concurrent.locks.AbstractQueuedSynchronizer$ConditionObject::signal (33 bytes)
Event: 5415.338 Thread 0x00007ff56b029800 nmethod 2024 0x0000000104060150 code [0x00000001040602e0, 0x0000000104060668]
Event: 5415.338 Thread 0x00007ff56b029800 2025       3       java.lang.Byte::hashCode (8 bytes)
Event: 5415.338 Thread 0x00007ff56b029800 nmethod 2025 0x000000010405fd90 code [0x000000010405ff00, 0x00000001040600b0]
Event: 5415.338 Thread 0x00007ff56b029800 2026       3       java.lang.Byte::hashCode (2 bytes)
Event: 5415.338 Thread 0x00007ff56b029800 nmethod 2026 0x000000010405fa90 code [0x000000010405fbe0, 0x000000010405fd10]
Event: 5415.339 Thread 0x00007ff56b029800 2027   !   3       java.lang.invoke.MethodHandleNatives::linkMethodHandleConstant (154 bytes)
Event: 5415.340 Thread 0x00007ff56b029800 nmethod 2027 0x000000010405e190 code [0x000000010405e400, 0x000000010405f088]
Event: 5415.340 Thread 0x00007ff56b029800 2028       3       java.lang.invoke.MethodHandles$Lookup::linkMethodHandleConstant (185 bytes)
Event: 5415.342 Thread 0x00007ff56b029800 nmethod 2028 0x0000000104060e10 code [0x00000001040610c0, 0x0000000104062598]

GC Heap History (10 events):
Event: 4233.887 GC heap before
{Heap before GC invocations=16 (full 0):
 PSYoungGen      total 16384K, used 15936K [0x00000007aab00000, 0x00000007ac580000, 0x00000007c0000000)
  eden space 15872K, 100% used [0x00000007aab00000,0x00000007aba80000,0x00000007aba80000)
  from space 512K, 12% used [0x00000007aba80000,0x00000007aba90000,0x00000007abb00000)
  to   space 5632K, 0% used [0x00000007ac000000,0x00000007ac000000,0x00000007ac580000)
 ParOldGen       total 44032K, used 7219K [0x0000000780000000, 0x0000000782b00000, 0x00000007aab00000)
  object space 44032K, 16% used [0x0000000780000000,0x000000078070ce08,0x0000000782b00000)
 Metaspace       used 15812K, capacity 16780K, committed 16896K, reserved 1062912K
  class space    used 2338K, capacity 2552K, committed 2560K, reserved 1048576K
Event: 4234.189 GC heap after
Heap after GC invocations=16 (full 0):
 PSYoungGen      total 21504K, used 96K [0x00000007aab00000, 0x00000007ac580000, 0x00000007c0000000)
  eden space 15872K, 0% used [0x00000007aab00000,0x00000007aab00000,0x00000007aba80000)
  from space 5632K, 1% used [0x00000007ac000000,0x00000007ac018000,0x00000007ac580000)
  to   space 5632K, 0% used [0x00000007aba80000,0x00000007aba80000,0x00000007ac000000)
 ParOldGen       total 44032K, used 7219K [0x0000000780000000, 0x0000000782b00000, 0x00000007aab00000)
  object space 44032K, 16% used [0x0000000780000000,0x000000078070ce08,0x0000000782b00000)
 Metaspace       used 15812K, capacity 16780K, committed 16896K, reserved 1062912K
  class space    used 2338K, capacity 2552K, committed 2560K, reserved 1048576K
}
Event: 4513.449 GC heap before
{Heap before GC invocations=17 (full 0):
 PSYoungGen      total 21504K, used 15968K [0x00000007aab00000, 0x00000007ac580000, 0x00000007c0000000)
  eden space 15872K, 100% used [0x00000007aab00000,0x00000007aba80000,0x00000007aba80000)
  from space 5632K, 1% used [0x00000007ac000000,0x00000007ac018000,0x00000007ac580000)
  to   space 5632K, 0% used [0x00000007aba80000,0x00000007aba80000,0x00000007ac000000)
 ParOldGen       total 44032K, used 7219K [0x0000000780000000, 0x0000000782b00000, 0x00000007aab00000)
  object space 44032K, 16% used [0x0000000780000000,0x000000078070ce08,0x0000000782b00000)
 Metaspace       used 15812K, capacity 16780K, committed 16896K, reserved 1062912K
  class space    used 2338K, capacity 2552K, committed 2560K, reserved 1048576K
Event: 4514.309 GC heap after
Heap after GC invocations=17 (full 0):
 PSYoungGen      total 16384K, used 64K [0x00000007aab00000, 0x00000007ac480000, 0x00000007c0000000)
  eden space 15872K, 0% used [0x00000007aab00000,0x00000007aab00000,0x00000007aba80000)
  from space 512K, 12% used [0x00000007aba80000,0x00000007aba90000,0x00000007abb00000)
  to   space 5120K, 0% used [0x00000007abf80000,0x00000007abf80000,0x00000007ac480000)
 ParOldGen       total 44032K, used 7219K [0x0000000780000000, 0x0000000782b00000, 0x00000007aab00000)
  object space 44032K, 16% used [0x0000000780000000,0x000000078070ce08,0x0000000782b00000)
 Metaspace       used 15812K, capacity 16780K, committed 16896K, reserved 1062912K
  class space    used 2338K, capacity 2552K, committed 2560K, reserved 1048576K
}
Event: 4881.156 GC heap before
{Heap before GC invocations=18 (full 0):
 PSYoungGen      total 16384K, used 15936K [0x00000007aab00000, 0x00000007ac480000, 0x00000007c0000000)
  eden space 15872K, 100% used [0x00000007aab00000,0x00000007aba80000,0x00000007aba80000)
  from space 512K, 12% used [0x00000007aba80000,0x00000007aba90000,0x00000007abb00000)
  to   space 5120K, 0% used [0x00000007abf80000,0x00000007abf80000,0x00000007ac480000)
 ParOldGen       total 44032K, used 7219K [0x0000000780000000, 0x0000000782b00000, 0x00000007aab00000)
  object space 44032K, 16% used [0x0000000780000000,0x000000078070ce08,0x0000000782b00000)
 Metaspace       used 15812K, capacity 16780K, committed 16896K, reserved 1062912K
  class space    used 2338K, capacity 2552K, committed 2560K, reserved 1048576K
Event: 4881.618 GC heap after
Heap after GC invocations=18 (full 0):
 PSYoungGen      total 20992K, used 96K [0x00000007aab00000, 0x00000007ac480000, 0x00000007c0000000)
  eden space 15872K, 0% used [0x00000007aab00000,0x00000007aab00000,0x00000007aba80000)
  from space 5120K, 1% used [0x00000007abf80000,0x00000007abf98000,0x00000007ac480000)
  to   space 5120K, 0% used [0x00000007aba80000,0x00000007aba80000,0x00000007abf80000)
 ParOldGen       total 44032K, used 7219K [0x0000000780000000, 0x0000000782b00000, 0x00000007aab00000)
  object space 44032K, 16% used [0x0000000780000000,0x000000078070ce08,0x0000000782b00000)
 Metaspace       used 15812K, capacity 16780K, committed 16896K, reserved 1062912K
  class space    used 2338K, capacity 2552K, committed 2560K, reserved 1048576K
}
Event: 5153.700 GC heap before
{Heap before GC invocations=19 (full 0):
 PSYoungGen      total 20992K, used 15968K [0x00000007aab00000, 0x00000007ac480000, 0x00000007c0000000)
  eden space 15872K, 100% used [0x00000007aab00000,0x00000007aba80000,0x00000007aba80000)
  from space 5120K, 1% used [0x00000007abf80000,0x00000007abf98000,0x00000007ac480000)
  to   space 5120K, 0% used [0x00000007aba80000,0x00000007aba80000,0x00000007abf80000)
 ParOldGen       total 44032K, used 7219K [0x0000000780000000, 0x0000000782b00000, 0x00000007aab00000)
  object space 44032K, 16% used [0x0000000780000000,0x000000078070ce08,0x0000000782b00000)
 Metaspace       used 15812K, capacity 16780K, committed 16896K, reserved 1062912K
  class space    used 2338K, capacity 2552K, committed 2560K, reserved 1048576K
Event: 5154.284 GC heap after
Heap after GC invocations=19 (full 0):
 PSYoungGen      total 16384K, used 64K [0x00000007aab00000, 0x00000007ac380000, 0x00000007c0000000)
  eden space 15872K, 0% used [0x00000007aab00000,0x00000007aab00000,0x00000007aba80000)
  from space 512K, 12% used [0x00000007aba80000,0x00000007aba90000,0x00000007abb00000)
  to   space 4608K, 0% used [0x00000007abf00000,0x00000007abf00000,0x00000007ac380000)
 ParOldGen       total 44032K, used 7219K [0x0000000780000000, 0x0000000782b00000, 0x00000007aab00000)
  object space 44032K, 16% used [0x0000000780000000,0x000000078070ce08,0x0000000782b00000)
 Metaspace       used 15812K, capacity 16780K, committed 16896K, reserved 1062912K
  class space    used 2338K, capacity 2552K, committed 2560K, reserved 1048576K
}
Event: 5396.467 GC heap before
{Heap before GC invocations=20 (full 0):
 PSYoungGen      total 16384K, used 15936K [0x00000007aab00000, 0x00000007ac380000, 0x00000007c0000000)
  eden space 15872K, 100% used [0x00000007aab00000,0x00000007aba80000,0x00000007aba80000)
  from space 512K, 12% used [0x00000007aba80000,0x00000007aba90000,0x00000007abb00000)
  to   space 4608K, 0% used [0x00000007abf00000,0x00000007abf00000,0x00000007ac380000)
 ParOldGen       total 44032K, used 7219K [0x0000000780000000, 0x0000000782b00000, 0x00000007aab00000)
  object space 44032K, 16% used [0x0000000780000000,0x000000078070ce08,0x0000000782b00000)
 Metaspace       used 15812K, capacity 16780K, committed 16896K, reserved 1062912K
  class space    used 2338K, capacity 2552K, committed 2560K, reserved 1048576K
Event: 5396.851 GC heap after
Heap after GC invocations=20 (full 0):
 PSYoungGen      total 20480K, used 64K [0x00000007aab00000, 0x00000007ac380000, 0x00000007c0000000)
  eden space 15872K, 0% used [0x00000007aab00000,0x00000007aab00000,0x00000007aba80000)
  from space 4608K, 1% used [0x00000007abf00000,0x00000007abf10000,0x00000007ac380000)
  to   space 4608K, 0% used [0x00000007aba80000,0x00000007aba80000,0x00000007abf00000)
 ParOldGen       total 44032K, used 7219K [0x0000000780000000, 0x0000000782b00000, 0x00000007aab00000)
  object space 44032K, 16% used [0x0000000780000000,0x000000078070ce08,0x0000000782b00000)
 Metaspace       used 15812K, capacity 16780K, committed 16896K, reserved 1062912K
  class space    used 2338K, capacity 2552K, committed 2560K, reserved 1048576K
}

Deoptimization events (10 events):
Event: 4.944 Thread 0x00007ff56b8ef800 Uncommon trap: reason=class_check action=maybe_recompile pc=0x0000000103d0f404 method=java.io.DataInputStream.readShort()S @ 4
Event: 4.948 Thread 0x00007ff56b8ef800 Uncommon trap: reason=class_check action=maybe_recompile pc=0x0000000103b9689c method=java.lang.String.equals(Ljava/lang/Object;)Z @ 8
Event: 4.948 Thread 0x00007ff56b8ef800 Uncommon trap: reason=class_check action=maybe_recompile pc=0x0000000103b9689c method=java.lang.String.equals(Ljava/lang/Object;)Z @ 8
Event: 4.948 Thread 0x00007ff56b8ef800 Uncommon trap: reason=class_check action=maybe_recompile pc=0x0000000103b9689c method=java.lang.String.equals(Ljava/lang/Object;)Z @ 8
Event: 5.228 Thread 0x00007ff56b8ef800 Uncommon trap: reason=unstable_if action=reinterpret pc=0x0000000103cbdf20 method=java.lang.CharacterData.of(I)Ljava/lang/CharacterData; @ 4
Event: 5.287 Thread 0x00007ff56b8ef800 Uncommon trap: reason=unstable_if action=reinterpret pc=0x0000000103d92b54 method=java.util.HashMap.putVal(ILjava/lang/Object;Ljava/lang/Object;ZZ)Ljava/lang/Object; @ 193
Event: 5.291 Thread 0x00007ff56b8ef800 Uncommon trap: reason=class_check action=maybe_recompile pc=0x0000000103b9689c method=java.lang.String.equals(Ljava/lang/Object;)Z @ 8
Event: 7.494 Thread 0x00007ff56b8ef800 Uncommon trap: reason=unstable_if action=reinterpret pc=0x0000000103d7bf34 method=jdk.internal.org.objectweb.asm.Type.getArgumentsAndReturnSizes(Ljava/lang/String;)I @ 47
Event: 167.734 Thread 0x00007ff56b8ef800 Uncommon trap: reason=unstable_if action=reinterpret pc=0x0000000104048a00 method=com.sun.javafx.tk.quantum.GlassViewEventHandler.lambda$null$373(JIZI)Ljava/lang/Void; @ 63
Event: 5415.317 Thread 0x00007ff56b8ef800 Uncommon trap: reason=unstable_if action=reinterpret pc=0x000000010403c310 method=com.sun.javafx.tk.quantum.QuantumToolkit.runWithoutRenderLock(Ljava/util/function/Supplier;)Ljava/lang/Object; @ 8

Internal exceptions (10 events):
Event: 0.153 Thread 0x00007ff56c001000 Exception <a 'java/security/PrivilegedActionException'> (0x00000007aac89050) thrown at [/Users/java_re/workspace/8-2-build-macosx-x86_64/jdk8u45/3457/hotspot/src/share/vm/prims/jvm.cpp, line 1382]
Event: 0.235 Thread 0x00007ff56c001000 Exception <a 'java/lang/NoSuchFieldError': method resolution failed> (0x00000007aada2ac8) thrown at [/Users/java_re/workspace/8-2-build-macosx-x86_64/jdk8u45/3457/hotspot/src/share/vm/prims/methodHandles.cpp, line 1125]
Event: 0.238 Thread 0x00007ff56c001000 Exception <a 'java/lang/NoSuchFieldError': method resolution failed> (0x00000007aadb1198) thrown at [/Users/java_re/workspace/8-2-build-macosx-x86_64/jdk8u45/3457/hotspot/src/share/vm/prims/methodHandles.cpp, line 1125]
Event: 0.259 Thread 0x00007ff56c001000 Exception <a 'java/security/PrivilegedActionException'> (0x00000007aae3d7f0) thrown at [/Users/java_re/workspace/8-2-build-macosx-x86_64/jdk8u45/3457/hotspot/src/share/vm/prims/jvm.cpp, line 1382]
Event: 0.259 Thread 0x00007ff56c001000 Exception <a 'java/security/PrivilegedActionException'> (0x00000007aae3d9a8) thrown at [/Users/java_re/workspace/8-2-build-macosx-x86_64/jdk8u45/3457/hotspot/src/share/vm/prims/jvm.cpp, line 1382]
Event: 0.259 Thread 0x00007ff56c001000 Exception <a 'java/security/PrivilegedActionException'> (0x00000007aae40b98) thrown at [/Users/java_re/workspace/8-2-build-macosx-x86_64/jdk8u45/3457/hotspot/src/share/vm/prims/jvm.cpp, line 1382]
Event: 0.259 Thread 0x00007ff56c001000 Exception <a 'java/security/PrivilegedActionException'> (0x00000007aae40d50) thrown at [/Users/java_re/workspace/8-2-build-macosx-x86_64/jdk8u45/3457/hotspot/src/share/vm/prims/jvm.cpp, line 1382]
Event: 0.260 Thread 0x00007ff56c001000 Exception <a 'java/lang/NullPointerException'> (0x00000007aae42670) thrown at [/Users/java_re/workspace/8-2-build-macosx-x86_64/jdk8u45/3457/hotspot/src/share/vm/interpreter/linkResolver.cpp, line 1178]
Event: 4.606 Thread 0x00007ff56b8ef800 Exception <a 'java/lang/NullPointerException'> (0x00000007ab6fe9d8) thrown at [/Users/java_re/workspace/8-2-build-macosx-x86_64/jdk8u45/3457/hotspot/src/share/vm/interpreter/linkResolver.cpp, line 1178]
Event: 4.606 Thread 0x00007ff56b8ef800 Exception <a 'java/lang/NullPointerException'> (0x00000007ab6fe9d8) thrown at [/Users/java_re/workspace/8-2-build-macosx-x86_64/jdk8u45/3457/hotspot/src/share/vm/prims/jvm.cpp, line 1386]

Events (10 events):
Event: 5415.341 loading class com/sun/javafx/tk/quantum/QuantumToolkit
Event: 5415.341 loading class com/sun/javafx/tk/quantum/QuantumToolkit done
Event: 5415.341 Thread 0x00007ff56b0d5000 Thread exited: 0x00007ff56b0d5000
Event: 5415.342 Executing VM operation: RevokeBias
Event: 5415.342 Executing VM operation: RevokeBias done
Event: 5415.342 Thread 0x00007ff56b13b000 Thread exited: 0x00007ff56b13b000
Event: 5415.364 Thread 0x00007ff56b8ef800 Thread exited: 0x00007ff56b8ef800
Event: 5415.364 Thread 0x00007ff56c001000 Thread exited: 0x00007ff56c001000
Event: 5415.365 Thread 0x00007ff56c9af000 Thread added: 0x00007ff56c9af000
Event: 5415.365 loading class java/util/IdentityHashMap$KeySet


Dynamic libraries:
0x000000000cec5000 	/System/Library/Frameworks/Cocoa.framework/Versions/A/Cocoa
0x000000000cec5000 	/System/Library/Frameworks/Security.framework/Versions/A/Security
0x000000000cec5000 	/System/Library/Frameworks/ApplicationServices.framework/Versions/A/ApplicationServices
0x000000000cec5000 	/usr/lib/libz.1.dylib
0x000000000cec5000 	/usr/lib/libSystem.B.dylib
0x000000000cec5000 	/usr/lib/libobjc.A.dylib
0x000000000cec5000 	/System/Library/Frameworks/CoreFoundation.framework/Versions/A/CoreFoundation
0x000000000cec5000 	/System/Library/Frameworks/Foundation.framework/Versions/C/Foundation
0x000000000cec5000 	/System/Library/Frameworks/AppKit.framework/Versions/C/AppKit
0x000000000cec5000 	/System/Library/Frameworks/CoreData.framework/Versions/A/CoreData
0x000000000cec5000 	/System/Library/PrivateFrameworks/RemoteViewServices.framework/Versions/A/RemoteViewServices
0x000000000cec5000 	/System/Library/PrivateFrameworks/UIFoundation.framework/Versions/A/UIFoundation
0x000000000cec5000 	/System/Library/Frameworks/IOSurface.framework/Versions/A/IOSurface
0x000000000cec5000 	/System/Library/Frameworks/AudioToolbox.framework/Versions/A/AudioToolbox
0x000000000cec5000 	/System/Library/Frameworks/AudioUnit.framework/Versions/A/AudioUnit
0x000000000cec5000 	/System/Library/PrivateFrameworks/DataDetectorsCore.framework/Versions/A/DataDetectorsCore
0x000000000cec5000 	/System/Library/PrivateFrameworks/DesktopServicesPriv.framework/Versions/A/DesktopServicesPriv
0x000000000cec5000 	/System/Library/Frameworks/Carbon.framework/Versions/A/Frameworks/HIToolbox.framework/Versions/A/HIToolbox
0x000000000cec5000 	/System/Library/Frameworks/QuartzCore.framework/Versions/A/QuartzCore
0x000000000cec5000 	/System/Library/Frameworks/Carbon.framework/Versions/A/Frameworks/SpeechRecognition.framework/Versions/A/SpeechRecognition
0x000000000cec5000 	/usr/lib/libauto.dylib
0x000000000cec5000 	/usr/lib/libicucore.A.dylib
0x000000000cec5000 	/usr/lib/libxml2.2.dylib
0x000000000cec5000 	/System/Library/PrivateFrameworks/CoreUI.framework/Versions/A/CoreUI
0x000000000cec5000 	/System/Library/Frameworks/CoreAudio.framework/Versions/A/CoreAudio
0x000000000cec5000 	/System/Library/Frameworks/DiskArbitration.framework/Versions/A/DiskArbitration
0x000000000cec5000 	/usr/lib/liblangid.dylib
0x000000000cec5000 	/System/Library/PrivateFrameworks/MultitouchSupport.framework/Versions/A/MultitouchSupport
0x000000000cec5000 	/System/Library/Frameworks/IOKit.framework/Versions/A/IOKit
0x000000000cec5000 	/usr/lib/libDiagnosticMessagesClient.dylib
0x000000000cec5000 	/System/Library/Frameworks/CoreServices.framework/Versions/A/CoreServices
0x000000000cec5000 	/System/Library/PrivateFrameworks/PerformanceAnalysis.framework/Versions/A/PerformanceAnalysis
0x000000000cec5000 	/System/Library/PrivateFrameworks/GenerationalStorage.framework/Versions/A/GenerationalStorage
0x000000000cec5000 	/System/Library/Frameworks/OpenGL.framework/Versions/A/OpenGL
0x000000000cec5000 	/System/Library/PrivateFrameworks/Sharing.framework/Versions/A/Sharing
0x000000000cec5000 	/System/Library/Frameworks/CoreGraphics.framework/Versions/A/CoreGraphics
0x000000000cec5000 	/System/Library/Frameworks/CoreText.framework/Versions/A/CoreText
0x000000000cec5000 	/System/Library/Frameworks/ImageIO.framework/Versions/A/ImageIO
0x000000000cec5000 	/usr/lib/libextension.dylib
0x000000000cec5000 	/System/Library/PrivateFrameworks/Backup.framework/Versions/A/Backup
0x000000000cec5000 	/usr/lib/libarchive.2.dylib
0x000000000cec5000 	/System/Library/Frameworks/CFNetwork.framework/Versions/A/CFNetwork
0x000000000cec5000 	/System/Library/Frameworks/SystemConfiguration.framework/Versions/A/SystemConfiguration
0x000000000cec5000 	/usr/lib/libCRFSuite.dylib
0x000000000cec5000 	/usr/lib/libc++.1.dylib
0x000000000cec5000 	/usr/lib/libc++abi.dylib
0x000000000cec5000 	/usr/lib/system/libcache.dylib
0x000000000cec5000 	/usr/lib/system/libcommonCrypto.dylib
0x000000000cec5000 	/usr/lib/system/libcompiler_rt.dylib
0x000000000cec5000 	/usr/lib/system/libcopyfile.dylib
0x000000000cec5000 	/usr/lib/system/libcorecrypto.dylib
0x000000000cec5000 	/usr/lib/system/libdispatch.dylib
0x000000000cec5000 	/usr/lib/system/libdyld.dylib
0x000000000cec5000 	/usr/lib/system/libkeymgr.dylib
0x000000000cec5000 	/usr/lib/system/liblaunch.dylib
0x000000000cec5000 	/usr/lib/system/libmacho.dylib
0x000000000cec5000 	/usr/lib/system/libquarantine.dylib
0x000000000cec5000 	/usr/lib/system/libremovefile.dylib
0x000000000cec5000 	/usr/lib/system/libsystem_asl.dylib
0x000000000cec5000 	/usr/lib/system/libsystem_blocks.dylib
0x000000000cec5000 	/usr/lib/system/libsystem_c.dylib
0x000000000cec5000 	/usr/lib/system/libsystem_configuration.dylib
0x000000000cec5000 	/usr/lib/system/libsystem_coreservices.dylib
0x000000000cec5000 	/usr/lib/system/libsystem_coretls.dylib
0x000000000cec5000 	/usr/lib/system/libsystem_dnssd.dylib
0x000000000cec5000 	/usr/lib/system/libsystem_info.dylib
0x000000000cec5000 	/usr/lib/system/libsystem_kernel.dylib
0x000000000cec5000 	/usr/lib/system/libsystem_m.dylib
0x000000000cec5000 	/usr/lib/system/libsystem_malloc.dylib
0x000000000cec5000 	/usr/lib/system/libsystem_network.dylib
0x000000000cec5000 	/usr/lib/system/libsystem_networkextension.dylib
0x000000000cec5000 	/usr/lib/system/libsystem_notify.dylib
0x000000000cec5000 	/usr/lib/system/libsystem_platform.dylib
0x000000000cec5000 	/usr/lib/system/libsystem_pthread.dylib
0x000000000cec5000 	/usr/lib/system/libsystem_sandbox.dylib
0x000000000cec5000 	/usr/lib/system/libsystem_secinit.dylib
0x000000000cec5000 	/usr/lib/system/libsystem_stats.dylib
0x000000000cec5000 	/usr/lib/system/libsystem_trace.dylib
0x000000000cec5000 	/usr/lib/system/libunc.dylib
0x000000000cec5000 	/usr/lib/system/libunwind.dylib
0x000000000cec5000 	/usr/lib/system/libxpc.dylib
0x000000000cec5000 	/usr/lib/libbz2.1.0.dylib
0x000000000cec5000 	/usr/lib/liblzma.5.dylib
0x000000000cec5000 	/usr/lib/libbsm.0.dylib
0x000000000cec5000 	/usr/lib/libsqlite3.dylib
0x000000000cec5000 	/usr/lib/system/libkxld.dylib
0x000000000cec5000 	/usr/lib/libxar.1.dylib
0x000000000cec5000 	/usr/lib/libpam.2.dylib
0x000000000cec5000 	/usr/lib/libOpenScriptingUtil.dylib
0x000000000cec5000 	/System/Library/Frameworks/CoreServices.framework/Versions/A/Frameworks/FSEvents.framework/Versions/A/FSEvents
0x000000000cec5000 	/System/Library/Frameworks/CoreServices.framework/Versions/A/Frameworks/CarbonCore.framework/Versions/A/CarbonCore
0x000000000cec5000 	/System/Library/Frameworks/CoreServices.framework/Versions/A/Frameworks/Metadata.framework/Versions/A/Metadata
0x000000000cec5000 	/System/Library/Frameworks/CoreServices.framework/Versions/A/Frameworks/OSServices.framework/Versions/A/OSServices
0x000000000cec5000 	/System/Library/Frameworks/CoreServices.framework/Versions/A/Frameworks/SearchKit.framework/Versions/A/SearchKit
0x000000000cec5000 	/System/Library/Frameworks/CoreServices.framework/Versions/A/Frameworks/AE.framework/Versions/A/AE
0x000000000cec5000 	/System/Library/Frameworks/CoreServices.framework/Versions/A/Frameworks/LaunchServices.framework/Versions/A/LaunchServices
0x000000000cec5000 	/System/Library/Frameworks/CoreServices.framework/Versions/A/Frameworks/DictionaryServices.framework/Versions/A/DictionaryServices
0x000000000cec5000 	/System/Library/Frameworks/NetFS.framework/Versions/A/NetFS
0x000000000cec5000 	/System/Library/PrivateFrameworks/NetAuth.framework/Versions/A/NetAuth
0x000000000cec5000 	/System/Library/PrivateFrameworks/login.framework/Versions/A/Frameworks/loginsupport.framework/Versions/A/loginsupport
0x000000000cec5000 	/System/Library/PrivateFrameworks/TCC.framework/Versions/A/TCC
0x000000000cec5000 	/usr/lib/libmecabra.dylib
0x000000000cec5000 	/System/Library/Frameworks/ApplicationServices.framework/Versions/A/Frameworks/ATS.framework/Versions/A/ATS
0x000000000cec5000 	/System/Library/Frameworks/ApplicationServices.framework/Versions/A/Frameworks/ColorSync.framework/Versions/A/ColorSync
0x000000000cec5000 	/System/Library/Frameworks/ApplicationServices.framework/Versions/A/Frameworks/HIServices.framework/Versions/A/HIServices
0x000000000cec5000 	/System/Library/Frameworks/ApplicationServices.framework/Versions/A/Frameworks/LangAnalysis.framework/Versions/A/LangAnalysis
0x000000000cec5000 	/System/Library/Frameworks/ApplicationServices.framework/Versions/A/Frameworks/PrintCore.framework/Versions/A/PrintCore
0x000000000cec5000 	/System/Library/Frameworks/ApplicationServices.framework/Versions/A/Frameworks/QD.framework/Versions/A/QD
0x000000000cec5000 	/System/Library/Frameworks/ApplicationServices.framework/Versions/A/Frameworks/SpeechSynthesis.framework/Versions/A/SpeechSynthesis
0x000000000cec5000 	/System/Library/Frameworks/Accelerate.framework/Versions/A/Accelerate
0x000000000cec5000 	/System/Library/Frameworks/Accelerate.framework/Versions/A/Frameworks/vImage.framework/Versions/A/vImage
0x000000000cec5000 	/System/Library/Frameworks/Accelerate.framework/Versions/A/Frameworks/vecLib.framework/Versions/A/vecLib
0x000000000cec5000 	/System/Library/Frameworks/Accelerate.framework/Versions/A/Frameworks/vecLib.framework/Versions/A/libvDSP.dylib
0x000000000cec5000 	/System/Library/Frameworks/Accelerate.framework/Versions/A/Frameworks/vecLib.framework/Versions/A/libvMisc.dylib
0x000000000cec5000 	/System/Library/Frameworks/Accelerate.framework/Versions/A/Frameworks/vecLib.framework/Versions/A/libLAPACK.dylib
0x000000000cec5000 	/System/Library/Frameworks/Accelerate.framework/Versions/A/Frameworks/vecLib.framework/Versions/A/libBLAS.dylib
0x000000000cec5000 	/System/Library/Frameworks/Accelerate.framework/Versions/A/Frameworks/vecLib.framework/Versions/A/libLinearAlgebra.dylib
0x000000000cec5000 	/System/Library/Frameworks/ApplicationServices.framework/Versions/A/Frameworks/ATS.framework/Versions/A/Resources/libFontParser.dylib
0x000000000cec5000 	/System/Library/Frameworks/ApplicationServices.framework/Versions/A/Frameworks/ATS.framework/Versions/A/Resources/libFontRegistry.dylib
0x000000000cec5000 	/System/Library/PrivateFrameworks/AppleVPA.framework/Versions/A/AppleVPA
0x000000000cec5000 	/System/Library/PrivateFrameworks/AppleJPEG.framework/Versions/A/AppleJPEG
0x000000000cec5000 	/System/Library/Frameworks/ImageIO.framework/Versions/A/Resources/libJPEG.dylib
0x000000000cec5000 	/System/Library/Frameworks/ImageIO.framework/Versions/A/Resources/libTIFF.dylib
0x000000000cec5000 	/System/Library/Frameworks/ImageIO.framework/Versions/A/Resources/libPng.dylib
0x000000000cec5000 	/System/Library/Frameworks/ImageIO.framework/Versions/A/Resources/libGIF.dylib
0x000000000cec5000 	/System/Library/Frameworks/ImageIO.framework/Versions/A/Resources/libJP2.dylib
0x000000000cec5000 	/System/Library/Frameworks/ImageIO.framework/Versions/A/Resources/libRadiance.dylib
0x000000000cec5000 	/System/Library/Frameworks/CoreVideo.framework/Versions/A/CoreVideo
0x000000000cec5000 	/System/Library/Frameworks/OpenGL.framework/Versions/A/Libraries/libGLU.dylib
0x000000000cec5000 	/System/Library/Frameworks/OpenGL.framework/Versions/A/Libraries/libGFXShared.dylib
0x000000000cec5000 	/System/Library/Frameworks/OpenGL.framework/Versions/A/Libraries/libGL.dylib
0x000000000cec5000 	/System/Library/Frameworks/OpenGL.framework/Versions/A/Libraries/libGLImage.dylib
0x000000000cec5000 	/System/Library/Frameworks/OpenGL.framework/Versions/A/Libraries/libCVMSPluginSupport.dylib
0x000000000cec5000 	/System/Library/Frameworks/OpenGL.framework/Versions/A/Libraries/libCoreVMClient.dylib
0x000000000cec5000 	/usr/lib/libcups.2.dylib
0x000000000cec5000 	/System/Library/Frameworks/Kerberos.framework/Versions/A/Kerberos
0x000000000cec5000 	/System/Library/Frameworks/GSS.framework/Versions/A/GSS
0x000000000cec5000 	/usr/lib/libresolv.9.dylib
0x000000000cec5000 	/usr/lib/libiconv.2.dylib
0x000000000cec5000 	/System/Library/PrivateFrameworks/Heimdal.framework/Versions/A/Heimdal
0x000000000cec5000 	/usr/lib/libheimdal-asn1.dylib
0x000000000cec5000 	/System/Library/Frameworks/OpenDirectory.framework/Versions/A/OpenDirectory
0x000000000cec5000 	/System/Library/PrivateFrameworks/CommonAuth.framework/Versions/A/CommonAuth
0x000000000cec5000 	/System/Library/Frameworks/OpenDirectory.framework/Versions/A/Frameworks/CFOpenDirectory.framework/Versions/A/CFOpenDirectory
0x000000000cec5000 	/System/Library/Frameworks/SecurityFoundation.framework/Versions/A/SecurityFoundation
0x000000000cec5000 	/System/Library/PrivateFrameworks/LanguageModeling.framework/Versions/A/LanguageModeling
0x000000000cec5000 	/usr/lib/libcmph.dylib
0x000000000cec5000 	/System/Library/Frameworks/ServiceManagement.framework/Versions/A/ServiceManagement
0x000000000cec5000 	/usr/lib/libxslt.1.dylib
0x000000000cec5000 	/System/Library/Frameworks/Carbon.framework/Versions/A/Frameworks/Ink.framework/Versions/A/Ink
0x000000000cec5000 	/System/Library/Frameworks/QuartzCore.framework/Versions/A/Frameworks/CoreImage.framework/Versions/A/CoreImage
0x000000000cec5000 	/System/Library/PrivateFrameworks/CrashReporterSupport.framework/Versions/A/CrashReporterSupport
0x000000000cec5000 	/System/Library/Frameworks/OpenCL.framework/Versions/A/OpenCL
0x000000000cec5000 	/System/Library/PrivateFrameworks/FaceCore.framework/Versions/A/FaceCore
0x000000000cec5000 	/System/Library/PrivateFrameworks/Ubiquity.framework/Versions/A/Ubiquity
0x000000000cec5000 	/System/Library/PrivateFrameworks/IconServices.framework/Versions/A/IconServices
0x000000000cec5000 	/System/Library/PrivateFrameworks/ChunkingLibrary.framework/Versions/A/ChunkingLibrary
0x000000000cec5000 	/System/Library/PrivateFrameworks/Apple80211.framework/Versions/A/Apple80211
0x000000000cec5000 	/System/Library/Frameworks/CoreWLAN.framework/Versions/A/CoreWLAN
0x000000000cec5000 	/System/Library/Frameworks/IOBluetooth.framework/Versions/A/IOBluetooth
0x000000000cec5000 	/System/Library/PrivateFrameworks/CoreWiFi.framework/Versions/A/CoreWiFi
0x000000000cec5000 	/System/Library/Frameworks/CoreBluetooth.framework/Versions/A/CoreBluetooth
0x000000000cec5000 	/System/Library/PrivateFrameworks/DebugSymbols.framework/Versions/A/DebugSymbols
0x000000000cec5000 	/System/Library/PrivateFrameworks/CoreSymbolication.framework/Versions/A/CoreSymbolication
0x000000000cec5000 	/System/Library/PrivateFrameworks/Symbolication.framework/Versions/A/Symbolication
0x000000000cec5000 	/System/Library/PrivateFrameworks/SpeechRecognitionCore.framework/Versions/A/SpeechRecognitionCore
0x0000000102a00000 	/Library/Java/JavaVirtualMachines/jdk1.8.0_45.jdk/Contents/Home/jre/lib/server/libjvm.dylib
0x000000000cec5000 	/usr/lib/libstdc++.6.dylib
0x0000000102155000 	/Library/Java/JavaVirtualMachines/jdk1.8.0_45.jdk/Contents/Home/jre/lib/libverify.dylib
0x0000000102163000 	/Library/Java/JavaVirtualMachines/jdk1.8.0_45.jdk/Contents/Home/jre/lib/libjava.dylib
0x00000001021a2000 	/Library/Java/JavaVirtualMachines/jdk1.8.0_45.jdk/Contents/Home/jre/lib/libzip.dylib
0x00000001021e8000 	/System/Library/Frameworks/JavaVM.framework/Frameworks/JavaRuntimeSupport.framework/JavaRuntimeSupport
0x000000011753e000 	/System/Library/Frameworks/JavaVM.framework/Versions/A/Frameworks/JavaNativeFoundation.framework/Versions/A/JavaNativeFoundation
0x0000000117553000 	/System/Library/Frameworks/JavaVM.framework/Versions/A/JavaVM
0x000000000cec5000 	/System/Library/Frameworks/Carbon.framework/Versions/A/Carbon
0x0000000117560000 	/System/Library/PrivateFrameworks/JavaLaunching.framework/Versions/A/JavaLaunching
0x000000000cec5000 	/System/Library/Frameworks/Carbon.framework/Versions/A/Frameworks/CommonPanels.framework/Versions/A/CommonPanels
0x000000000cec5000 	/System/Library/Frameworks/Carbon.framework/Versions/A/Frameworks/Help.framework/Versions/A/Help
0x000000000cec5000 	/System/Library/Frameworks/Carbon.framework/Versions/A/Frameworks/ImageCapture.framework/Versions/A/ImageCapture
0x000000000cec5000 	/System/Library/Frameworks/Carbon.framework/Versions/A/Frameworks/OpenScripting.framework/Versions/A/OpenScripting
0x000000000cec5000 	/System/Library/Frameworks/Carbon.framework/Versions/A/Frameworks/Print.framework/Versions/A/Print
0x000000000cec5000 	/System/Library/Frameworks/Carbon.framework/Versions/A/Frameworks/SecurityHI.framework/Versions/A/SecurityHI
0x000000011962f000 	/Library/Java/JavaVirtualMachines/jdk1.8.0_45.jdk/Contents/Home/jre/lib/libprism_es2.dylib
0x000000000cec5000 	/System/Library/Frameworks/OpenGL.framework/Versions/A/Resources/GLEngine.bundle/GLEngine
0x000000000cec5000 	/System/Library/Frameworks/OpenGL.framework/Versions/A/Libraries/libGLProgrammability.dylib
0x0000000000000000 	/System/Library/Extensions/AppleIntelHD5000GraphicsGLDriver.bundle/Contents/MacOS/AppleIntelHD5000GraphicsGLDriver
0x000000000cec5000 	/System/Library/PrivateFrameworks/IOAccelerator.framework/Versions/A/IOAccelerator
0x000000000cec5000 	/System/Library/PrivateFrameworks/GPUSupport.framework/Versions/A/Libraries/libGPUSupportMercury.dylib
0x000000000cec5000 	/System/Library/Frameworks/OpenGL.framework/Versions/A/Resources/GLRendererFloat.bundle/GLRendererFloat
0x000000000cec5000 	/System/Library/Frameworks/OpenCL.framework/Versions/A/Libraries/libcldcpuengine.dylib
0x000000000cec5000 	/System/Library/PrivateFrameworks/DiskImages.framework/Versions/A/DiskImages
0x000000000cec5000 	/System/Library/Frameworks/DiscRecording.framework/Versions/A/DiscRecording
0x000000000cec5000 	/usr/lib/libcsfde.dylib
0x000000000cec5000 	/usr/lib/libcurl.4.dylib
0x000000000cec5000 	/System/Library/PrivateFrameworks/MediaKit.framework/Versions/A/MediaKit
0x000000000cec5000 	/System/Library/PrivateFrameworks/ProtectedCloudStorage.framework/Versions/A/ProtectedCloudStorage
0x000000000cec5000 	/usr/lib/libCoreStorage.dylib
0x000000000cec5000 	/System/Library/PrivateFrameworks/EFILogin.framework/Versions/A/EFILogin
0x000000000cec5000 	/usr/lib/libutil.dylib
0x000000000cec5000 	/System/Library/PrivateFrameworks/FindMyDevice.framework/Versions/A/FindMyDevice
0x000000000cec5000 	/System/Library/Frameworks/LDAP.framework/Versions/A/LDAP
0x000000000cec5000 	/usr/lib/libsasl2.2.dylib
0x000000000cec5000 	/System/Library/PrivateFrameworks/CoreDaemon.framework/Versions/B/CoreDaemon
0x000000000cec5000 	/usr/lib/libcrypto.0.9.8.dylib
0x000000000cec5000 	/System/Library/PrivateFrameworks/AppleSRP.framework/Versions/A/AppleSRP
0x000000000cec5000 	/System/Library/PrivateFrameworks/TrustEvaluationAgent.framework/Versions/A/TrustEvaluationAgent
0x0000000119ae1000 	/Library/Java/JavaVirtualMachines/jdk1.8.0_45.jdk/Contents/Home/jre/lib/libglass.dylib
0x000000000cec5000 	/System/Library/PrivateFrameworks/CoreServicesInternal.framework/Versions/A/CoreServicesInternal
0x000000000cec5000 	/System/Library/PrivateFrameworks/CloudDocs.framework/Versions/A/CloudDocs
0x000000000cec5000 	/System/Library/PrivateFrameworks/CoreDuet.framework/Versions/A/CoreDuet
0x000000000cec5000 	/System/Library/Frameworks/CloudKit.framework/Versions/A/CloudKit
0x000000000cec5000 	/System/Library/PrivateFrameworks/ProtocolBuffer.framework/Versions/A/ProtocolBuffer
0x000000000cec5000 	/System/Library/PrivateFrameworks/CoreDuetDaemonProtocol.framework/Versions/A/CoreDuetDaemonProtocol
0x000000000cec5000 	/System/Library/PrivateFrameworks/CoreDuetDebugLogging.framework/Versions/A/CoreDuetDebugLogging
0x000000000cec5000 	/System/Library/PrivateFrameworks/MMCS.framework/Versions/A/MMCS
0x000000000cec5000 	/System/Library/Frameworks/CoreLocation.framework/Versions/A/CoreLocation
0x000000000cec5000 	/System/Library/PrivateFrameworks/GeoServices.framework/Versions/A/GeoServices
0x000000000cec5000 	/System/Library/Frameworks/CoreGraphics.framework/Versions/A/Resources/libCGCMS.A.dylib
0x000000000cec5000 	/System/Library/CoreServices/RawCamera.bundle/Contents/MacOS/RawCamera
0x000000000cec5000 	/System/Library/Frameworks/CoreGraphics.framework/Versions/A/Resources/libRIP.A.dylib
0x000000000cec5000 	/System/Library/PrivateFrameworks/FamilyControls.framework/Versions/A/FamilyControls
0x000000000cec5000 	/System/Library/PrivateFrameworks/CommerceKit.framework/Versions/A/Frameworks/CommerceCore.framework/Versions/A/CommerceCore
0x000000000cec5000 	/System/Library/PrivateFrameworks/SystemAdministration.framework/Versions/A/SystemAdministration
0x000000000cec5000 	/System/Library/PrivateFrameworks/AppContainer.framework/Versions/A/AppContainer
0x000000000cec5000 	/System/Library/PrivateFrameworks/SecCodeWrapper.framework/Versions/A/SecCodeWrapper
0x000000000cec5000 	/System/Library/Frameworks/DirectoryService.framework/Versions/A/DirectoryService
0x000000000cec5000 	/System/Library/PrivateFrameworks/LoginUIKit.framework/Versions/A/Frameworks/LoginUICore.framework/Versions/A/LoginUICore
0x000000000cec5000 	/usr/lib/libodfde.dylib
0x000000000cec5000 	/System/Library/Frameworks/CoreGraphics.framework/Versions/A/Resources/libCGXType.A.dylib
0x000000011e5bb000 	cl_kernels
0x000000011e5bd000 	/System/Library/Frameworks/OpenCL.framework/Versions/A/Libraries/ImageFormats/unorm8_bgra.dylib
0x000000011e5ac000 	cl_kernels
0x000000011e787000 	/Library/Java/JavaVirtualMachines/jdk1.8.0_45.jdk/Contents/Home/jre/lib/libjavafx_font.dylib
0x000000011f951000 	/Library/Java/JavaVirtualMachines/jdk1.8.0_45.jdk/Contents/Home/jre/lib/libprism_common.dylib

VM Arguments:
jvm_args: -Dfile.encoding=UTF-8 
java_command: SongDatabase
java_class_path (initial): /Users/christine/Documents/workspace2/MiniProject3/bin
Launcher Type: SUN_STANDARD

Environment Variables:
PATH=/usr/bin:/bin:/usr/sbin:/sbin
SHELL=/bin/bash

Signal Handlers:
SIGSEGV: [libjvm.dylib+0x58ef95], sa_mask[0]=11111111011111110111111111111111, sa_flags=SA_ONSTACK|SA_RESTART|SA_SIGINFO
SIGBUS: [libjvm.dylib+0x58ef95], sa_mask[0]=11111111011111110111111111111111, sa_flags=SA_RESTART|SA_SIGINFO
SIGFPE: [libjvm.dylib+0x46c108], sa_mask[0]=11111111011111110111111111111111, sa_flags=SA_RESTART|SA_SIGINFO
SIGPIPE: [libjvm.dylib+0x46c108], sa_mask[0]=11111111011111110111111111111111, sa_flags=SA_RESTART|SA_SIGINFO
SIGXFSZ: [libjvm.dylib+0x46c108], sa_mask[0]=11111111011111110111111111111111, sa_flags=SA_RESTART|SA_SIGINFO
SIGILL: [libjvm.dylib+0x46c108], sa_mask[0]=11111111011111110111111111111111, sa_flags=SA_RESTART|SA_SIGINFO
SIGUSR1: SIG_DFL, sa_mask[0]=00000000000000000000000000000000, sa_flags=none
SIGUSR2: [libjvm.dylib+0x46bc26], sa_mask[0]=00100000000000000000000000000000, sa_flags=SA_RESTART|SA_SIGINFO
SIGHUP: [libjvm.dylib+0x46a1f9], sa_mask[0]=11111111011111110111111111111111, sa_flags=SA_RESTART|SA_SIGINFO
SIGINT: [libjvm.dylib+0x46a1f9], sa_mask[0]=11111111011111110111111111111111, sa_flags=SA_RESTART|SA_SIGINFO
SIGTERM: [libjvm.dylib+0x46a1f9], sa_mask[0]=11111111011111110111111111111111, sa_flags=SA_RESTART|SA_SIGINFO
SIGQUIT: [libjvm.dylib+0x46a1f9], sa_mask[0]=11111111011111110111111111111111, sa_flags=SA_RESTART|SA_SIGINFO


---------------  S Y S T E M  ---------------

OS:Bsduname:Darwin 14.3.0 Darwin Kernel Version 14.3.0: Mon Mar 23 11:59:05 PDT 2015; root:xnu-2782.20.48~5/RELEASE_X86_64 x86_64
rlimit: STACK 8192k, CORE 0k, NPROC 709, NOFILE 10240, AS infinity
load average:4.57 5.02 4.90

CPU:total 4 (2 cores per cpu, 2 threads per core) family 6 model 69 stepping 1, cmov, cx8, fxsr, mmx, sse, sse2, sse3, ssse3, sse4.1, sse4.2, popcnt, avx, avx2, aes, clmul, erms, lzcnt, ht, tsc, tscinvbit, bmi1, bmi2

Memory: 4k page, physical 4194304k(210216k free)

/proc/meminfo:


vm_info: Java HotSpot(TM) 64-Bit Server VM (25.45-b02) for bsd-amd64 JRE (1.8.0_45-b14), built on Apr 10 2015 10:46:38 by "java_re" with gcc 4.2.1 (Based on Apple Inc. build 5658) (LLVM build 2336.11.00)

time: Fri Aug 14 16:44:56 2015
elapsed time: 5415 seconds (0d 1h 30m 15s)

