#
# A fatal error has been detected by the Java Runtime Environment:
#
#  SIGSEGV (0xb) at pc=0x000000012086458d, pid=18581, tid=1811
#
# JRE version: Java(TM) SE Runtime Environment (8.0_45-b14) (build 1.8.0_45-b14)
# Java VM: Java HotSpot(TM) 64-Bit Server VM (25.45-b02 mixed mode bsd-amd64 compressed oops)
# Problematic frame:
# C  [libglass.dylib+0x1558d]  GlassScreenDidChangeScreenParameters+0x9d
#
# Failed to write core dump. Core dumps have been disabled. To enable core dumping, try "ulimit -c unlimited" before starting Java again
#
# If you would like to submit a bug report, please visit:
#   http://bugreport.java.com/bugreport/crash.jsp
#

---------------  T H R E A D  ---------------

Current thread is native thread

siginfo: si_signo: 11 (SIGSEGV), si_code: 1 (SEGV_MAPERR), si_addr: 0x0000000000000000

Registers:
RAX=0x0000000120896bc0, RBX=0x0000000000000000, RCX=0x910065e2c57d8fd2, RDX=0x00007ffc80d87f58
RSP=0x00007fff56e50320, RBP=0x00007fff56e50330, RSI=0x00007ffc80f041b0, RDI=0x0000000000000000
R8 =0x00007fff56e501d0, R9 =0x00007fff7db7f300, R10=0x0000000000000000, R11=0x0000000000000246
R12=0x00007ffc80c0d5c0, R13=0x00000000000f426a, R14=0x00007ffc80d87e50, R15=0x00007fff56e50470
RIP=0x000000012086458d, EFLAGS=0x0000000000010202, ERR=0x0000000000000004
  TRAPNO=0x000000000000000e

Top of Stack: (sp=0x00007fff56e50320)
0x00007fff56e50320:   00007fff56e50500 00007ffc80d87e50
0x00007fff56e50330:   00007fff56e50340 00007fff9423645c
0x00007fff56e50340:   00007fff56e506a0 00007fff94126634
0x00007fff56e50350:   00007fff56e503a0 0000000000001400
0x00007fff56e50360:   00007fff7defaed0 00007ffc78211960
0x00007fff56e50370:   0000000000001002 00000000000008e8
0x00007fff56e50380:   00007ffc78211960 00007ffc80d87e50
0x00007fff56e50390:   0000000000000000 00007fff56e50470
0x00007fff56e503a0:   0000000000000000 00007ffc80d87e10
0x00007fff56e503b0:   00007fff56e504f0 000000000000005f
0x00007fff56e503c0:   00000000000f435a 00007ffc7d501850
0x00007fff56e503d0:   00007ffc80f514d0 00007ffc80c0d5c0
0x00007fff56e503e0:   0000000000000001 00000000000f426a
0x00007fff56e503f0:   00007ffc80c0d5b0 00007fff91e18acb
0x00007fff56e50400:   0000000000000001 0000000000000001
0x00007fff56e50410:   0000000000000030 0000000000000001
0x00007fff56e50420:   00007fff56e50440 00007fff91e1e231
0x00007fff56e50430:   00007fff7def8fb0 0000000000000000
0x00007fff56e50440:   00007fff56e50460 0000000000000017
0x00007fff56e50450:   00097b0391e1853e 00007ffc80c0d5e4
0x00007fff56e50460:   0000000000000000 00007fff9411c10f
0x00007fff56e50470:   00007ffc80d87e50 00007fff7def8fb0
0x00007fff56e50480:   00007fff56e50500 0000000000000001
0x00007fff56e50490:   00007fff56e504d0 00007fff91e1853e
0x00007fff56e504a0:   0000000108dcba00 0000000000000004
0x00007fff56e504b0:   0000000108dc8000 00007ffc7d503ec4
0x00007fff56e504c0:   0000000000000003 0000000108dcce00
0x00007fff56e504d0:   00007fff56e505c0 00007fff91e172a2
0x00007fff56e504e0:   00007ffc80f51040 00007fff56e506a8
0x00007fff56e504f0:   0000000000000017 0000000000000000
0x00007fff56e50500:   00000000000f426a 00007fff9411c403
0x00007fff56e50510:   00007fff00000000 00007ffc80e20230 

Instructions: (pc=0x000000012086458d)
0x000000012086456d:   89 df 4c 89 f1 41 ff 90 68 04 00 00 48 8d 05 48
0x000000012086457d:   25 03 00 48 8b 30 48 8d 05 36 26 03 00 48 8b 10
0x000000012086458d:   48 8b 0b 30 c0 48 89 df ff 91 68 04 00 00 48 8b
0x000000012086459d:   03 48 89 df ff 50 78 48 85 c0 74 36 49 89 c6 48 

Register to memory mapping:

RAX=0x0000000120896bc0: jScreenNotifySettingsChanged+0 in /Library/Java/JavaVirtualMachines/jdk1.8.0_45.jdk/Contents/Home/jre/lib/libglass.dylib at 0x000000012084f000
RBX=0x0000000000000000 is an unknown value
RCX=0x910065e2c57d8fd2 is an unknown value
RDX=0x00007ffc80d87f58 is an unknown value
RSP=0x00007fff56e50320 is an unknown value
RBP=0x00007fff56e50330 is an unknown value
RSI=0x00007ffc80f041b0 is a global jni handle
RDI=0x0000000000000000 is an unknown value
R8 =0x00007fff56e501d0 is an unknown value
R9 =0x00007fff7db7f300: _thread+0 in /usr/lib/system/libsystem_pthread.dylib at 0x00007fff92254000
R10=0x0000000000000000 is an unknown value
R11=0x0000000000000246 is an unknown value
R12=0x00007ffc80c0d5c0 is an unknown value
R13=0x00000000000f426a is an unknown value
R14=0x00007ffc80d87e50 is an unknown value
R15=0x00007fff56e50470 is an unknown value


Stack: [0x00007fff56653000,0x00007fff56e53000],  sp=0x00007fff56e50320,  free space=8180k
Native frames: (J=compiled Java code, j=interpreted, Vv=VM code, C=native code)
C  [libglass.dylib+0x1558d]  GlassScreenDidChangeScreenParameters+0x9d
C  [CoreFoundation+0x12045c]  __CFNOTIFICATIONCENTER_IS_CALLING_OUT_TO_AN_OBSERVER__+0xc
C  [CoreFoundation+0x10634]  _CFXNotificationPost+0xc44
C  [Foundation+0x79d1]  -[NSNotificationCenter postNotificationName:object:userInfo:]+0x42
C  [AppKit+0x40df7e]  -[NSApplication _reactToScreenInvalidationImmediately:]+0x17b
C  [AppKit+0x40ddc7]  __44-[NSApplication _reactToScreenInvalidation:]_block_invoke+0x4b
C  [CoreFoundation+0x808ec]  __CFRUNLOOP_IS_CALLING_OUT_TO_A_BLOCK__+0xc
C  [CoreFoundation+0x729f5]  __CFRunLoopDoBlocks+0x155
C  [CoreFoundation+0x72536]  __CFRunLoopRun+0x716
C  [CoreFoundation+0x71bd8]  CFRunLoopRunSpecific+0x128
C  [java+0x6490]  CreateExecutionEnvironment+0x367
C  [java+0x221c]  JLI_Launch+0x7a0
C  [java+0x84ed]  main+0x65
C  [java+0x1a74]  start+0x34


---------------  P R O C E S S  ---------------

VM state:at safepoint (normal execution)

VM Mutex/Monitor currently owned by a thread:  ([mutex/lock_event])
[0x00007ffc80d0f350] Threads_lock - owner thread: 0x00007ffc82019800
[0x00007ffc80d0f850] Heap_lock - owner thread: 0x00007ffc8128e000

Heap:
 PSYoungGen      total 23040K, used 7569K [0x00000007aab00000, 0x00000007ac800000, 0x00000007c0000000)
  eden space 16384K, 30% used [0x00000007aab00000,0x00000007aafec548,0x00000007abb00000)
  from space 6656K, 37% used [0x00000007ac180000,0x00000007ac3f8000,0x00000007ac800000)
  to   space 6656K, 0% used [0x00000007abb00000,0x00000007abb00000,0x00000007ac180000)
 ParOldGen       total 44032K, used 5365K [0x0000000780000000, 0x0000000782b00000, 0x00000007aab00000)
  object space 44032K, 12% used [0x0000000780000000,0x000000078053d630,0x0000000782b00000)
 Metaspace       used 16737K, capacity 17826K, committed 18048K, reserved 1064960K
  class space    used 2409K, capacity 2628K, committed 2688K, reserved 1048576K

Card table byte_map: [0x0000000119b5e000,0x0000000119d5f000] byte_map_base: 0x0000000115f5e000

Marking Bits: (ParMarkBitMap*) 0x000000010a0c27a0
 Begin Bits: [0x000000011a2c1000, 0x000000011b2c1000)
 End Bits:   [0x000000011b2c1000, 0x000000011c2c1000)

Polling page: 0x0000000108fd4000

CodeCache: size=245760Kb used=8474Kb max_used=8485Kb free=237285Kb
 bounds [0x000000010a79e000, 0x000000010afee000, 0x000000011979e000]
 total_blobs=3349 nmethods=2703 adapters=558
 compilation: enabled

Compilation events (10 events):
Event: 2146.934 Thread 0x00007ffc82828800 2719       3       com.sun.javafx.sg.prism.NGRegion::renderBackgroundRectangleFromCache (621 bytes)
Event: 2146.936 Thread 0x00007ffc82828800 nmethod 2719 0x000000010afdd650 code [0x000000010afdd8c0, 0x000000010afde3b8]
Event: 2147.187 Thread 0x00007ffc82828800 2720       3       java.lang.invoke.LambdaForm$MH/1144748369::linkToTargetMethod (10 bytes)
Event: 2147.187 Thread 0x00007ffc82828800 nmethod 2720 0x000000010a8b1ed0 code [0x000000010a8b2060, 0x000000010a8b2558]
Event: 2147.240 Thread 0x00007ffc82828800 2722       3       jdk.internal.org.objectweb.asm.MethodVisitor::visitInsn (16 bytes)
Event: 2147.240 Thread 0x00007ffc82828800 nmethod 2722 0x000000010afe21d0 code [0x000000010afe2340, 0x000000010afe25a8]
Event: 2147.241 Thread 0x00007ffc8102f000 2724       4       java.lang.invoke.MethodType::hashCode (53 bytes)
Event: 2147.243 Thread 0x00007ffc82828800 2723       3       jdk.internal.org.objectweb.asm.MethodVisitor::visitMethodInsn (68 bytes)
Event: 2147.243 Thread 0x00007ffc82828800 nmethod 2723 0x000000010a95bfd0 code [0x000000010a95c180, 0x000000010a95c628]
Event: 2147.245 Thread 0x00007ffc8102f000 nmethod 2724 0x000000010afdbc50 code [0x000000010afdbdc0, 0x000000010afdbf78]

GC Heap History (10 events):
Event: 9.969 GC heap before
{Heap before GC invocations=2 (full 0):
 PSYoungGen      total 18944K, used 18912K [0x00000007aab00000, 0x00000007ac000000, 0x00000007c0000000)
  eden space 16384K, 100% used [0x00000007aab00000,0x00000007abb00000,0x00000007abb00000)
  from space 2560K, 98% used [0x00000007abb00000,0x00000007abd78060,0x00000007abd80000)
  to   space 2560K, 0% used [0x00000007abd80000,0x00000007abd80000,0x00000007ac000000)
 ParOldGen       total 44032K, used 16K [0x0000000780000000, 0x0000000782b00000, 0x00000007aab00000)
  object space 44032K, 0% used [0x0000000780000000,0x0000000780004000,0x0000000782b00000)
 Metaspace       used 14525K, capacity 15426K, committed 15488K, reserved 1062912K
  class space    used 2207K, capacity 2384K, committed 2432K, reserved 1048576K
Event: 9.981 GC heap after
Heap after GC invocations=2 (full 0):
 PSYoungGen      total 18944K, used 2546K [0x00000007aab00000, 0x00000007ac000000, 0x00000007c0000000)
  eden space 16384K, 0% used [0x00000007aab00000,0x00000007aab00000,0x00000007abb00000)
  from space 2560K, 99% used [0x00000007abd80000,0x00000007abffcaa0,0x00000007ac000000)
  to   space 2560K, 0% used [0x00000007abb00000,0x00000007abb00000,0x00000007abd80000)
 ParOldGen       total 44032K, used 2557K [0x0000000780000000, 0x0000000782b00000, 0x00000007aab00000)
  object space 44032K, 5% used [0x0000000780000000,0x000000078027f4c0,0x0000000782b00000)
 Metaspace       used 14525K, capacity 15426K, committed 15488K, reserved 1062912K
  class space    used 2207K, capacity 2384K, committed 2432K, reserved 1048576K
}
Event: 157.902 GC heap before
{Heap before GC invocations=3 (full 0):
 PSYoungGen      total 18944K, used 18930K [0x00000007aab00000, 0x00000007ac000000, 0x00000007c0000000)
  eden space 16384K, 100% used [0x00000007aab00000,0x00000007abb00000,0x00000007abb00000)
  from space 2560K, 99% used [0x00000007abd80000,0x00000007abffcaa0,0x00000007ac000000)
  to   space 2560K, 0% used [0x00000007abb00000,0x00000007abb00000,0x00000007abd80000)
 ParOldGen       total 44032K, used 2557K [0x0000000780000000, 0x0000000782b00000, 0x00000007aab00000)
  object space 44032K, 5% used [0x0000000780000000,0x000000078027f4c0,0x0000000782b00000)
 Metaspace       used 16695K, capacity 17766K, committed 18048K, reserved 1064960K
  class space    used 2400K, capacity 2614K, committed 2688K, reserved 1048576K
Event: 157.962 GC heap after
Heap after GC invocations=3 (full 0):
 PSYoungGen      total 18944K, used 2560K [0x00000007aab00000, 0x00000007ac000000, 0x00000007c0000000)
  eden space 16384K, 0% used [0x00000007aab00000,0x00000007aab00000,0x00000007abb00000)
  from space 2560K, 100% used [0x00000007abb00000,0x00000007abd80000,0x00000007abd80000)
  to   space 2560K, 0% used [0x00000007abd80000,0x00000007abd80000,0x00000007ac000000)
 ParOldGen       total 44032K, used 5317K [0x0000000780000000, 0x0000000782b00000, 0x00000007aab00000)
  object space 44032K, 12% used [0x0000000780000000,0x0000000780531620,0x0000000782b00000)
 Metaspace       used 16695K, capacity 17766K, committed 18048K, reserved 1064960K
  class space    used 2400K, capacity 2614K, committed 2688K, reserved 1048576K
}
Event: 784.851 GC heap before
{Heap before GC invocations=4 (full 0):
 PSYoungGen      total 18944K, used 18944K [0x00000007aab00000, 0x00000007ac000000, 0x00000007c0000000)
  eden space 16384K, 100% used [0x00000007aab00000,0x00000007abb00000,0x00000007abb00000)
  from space 2560K, 100% used [0x00000007abb00000,0x00000007abd80000,0x00000007abd80000)
  to   space 2560K, 0% used [0x00000007abd80000,0x00000007abd80000,0x00000007ac000000)
 ParOldGen       total 44032K, used 5317K [0x0000000780000000, 0x0000000782b00000, 0x00000007aab00000)
  object space 44032K, 12% used [0x0000000780000000,0x0000000780531620,0x0000000782b00000)
 Metaspace       used 16695K, capacity 17766K, committed 18048K, reserved 1064960K
  class space    used 2400K, capacity 2614K, committed 2688K, reserved 1048576K
Event: 785.111 GC heap after
Heap after GC invocations=4 (full 0):
 PSYoungGen      total 18944K, used 2544K [0x00000007aab00000, 0x00000007ac000000, 0x00000007c0000000)
  eden space 16384K, 0% used [0x00000007aab00000,0x00000007aab00000,0x00000007abb00000)
  from space 2560K, 99% used [0x00000007abd80000,0x00000007abffc010,0x00000007ac000000)
  to   space 2560K, 0% used [0x00000007abb00000,0x00000007abb00000,0x00000007abd80000)
 ParOldGen       total 44032K, used 5365K [0x0000000780000000, 0x0000000782b00000, 0x00000007aab00000)
  object space 44032K, 12% used [0x0000000780000000,0x000000078053d630,0x0000000782b00000)
 Metaspace       used 16695K, capacity 17766K, committed 18048K, reserved 1064960K
  class space    used 2400K, capacity 2614K, committed 2688K, reserved 1048576K
}
Event: 1279.658 GC heap before
{Heap before GC invocations=5 (full 0):
 PSYoungGen      total 18944K, used 18928K [0x00000007aab00000, 0x00000007ac000000, 0x00000007c0000000)
  eden space 16384K, 100% used [0x00000007aab00000,0x00000007abb00000,0x00000007abb00000)
  from space 2560K, 99% used [0x00000007abd80000,0x00000007abffc010,0x00000007ac000000)
  to   space 2560K, 0% used [0x00000007abb00000,0x00000007abb00000,0x00000007abd80000)
 ParOldGen       total 44032K, used 5365K [0x0000000780000000, 0x0000000782b00000, 0x00000007aab00000)
  object space 44032K, 12% used [0x0000000780000000,0x000000078053d630,0x0000000782b00000)
 Metaspace       used 16695K, capacity 17766K, committed 18048K, reserved 1064960K
  class space    used 2400K, capacity 2614K, committed 2688K, reserved 1048576K
Event: 1279.854 GC heap after
Heap after GC invocations=5 (full 0):
 PSYoungGen      total 18944K, used 2544K [0x00000007aab00000, 0x00000007ac800000, 0x00000007c0000000)
  eden space 16384K, 0% used [0x00000007aab00000,0x00000007aab00000,0x00000007abb00000)
  from space 2560K, 99% used [0x00000007abb00000,0x00000007abd7c010,0x00000007abd80000)
  to   space 6656K, 0% used [0x00000007ac180000,0x00000007ac180000,0x00000007ac800000)
 ParOldGen       total 44032K, used 5365K [0x0000000780000000, 0x0000000782b00000, 0x00000007aab00000)
  object space 44032K, 12% used [0x0000000780000000,0x000000078053d630,0x0000000782b00000)
 Metaspace       used 16695K, capacity 17766K, committed 18048K, reserved 1064960K
  class space    used 2400K, capacity 2614K, committed 2688K, reserved 1048576K
}
Event: 1860.461 GC heap before
{Heap before GC invocations=6 (full 0):
 PSYoungGen      total 18944K, used 18928K [0x00000007aab00000, 0x00000007ac800000, 0x00000007c0000000)
  eden space 16384K, 100% used [0x00000007aab00000,0x00000007abb00000,0x00000007abb00000)
  from space 2560K, 99% used [0x00000007abb00000,0x00000007abd7c010,0x00000007abd80000)
  to   space 6656K, 0% used [0x00000007ac180000,0x00000007ac180000,0x00000007ac800000)
 ParOldGen       total 44032K, used 5365K [0x0000000780000000, 0x0000000782b00000, 0x00000007aab00000)
  object space 44032K, 12% used [0x0000000780000000,0x000000078053d630,0x0000000782b00000)
 Metaspace       used 16695K, capacity 17766K, committed 18048K, reserved 1064960K
  class space    used 2400K, capacity 2614K, committed 2688K, reserved 1048576K
Event: 1860.772 GC heap after
Heap after GC invocations=6 (full 0):
 PSYoungGen      total 23040K, used 2528K [0x00000007aab00000, 0x00000007ac800000, 0x00000007c0000000)
  eden space 16384K, 0% used [0x00000007aab00000,0x00000007aab00000,0x00000007abb00000)
  from space 6656K, 37% used [0x00000007ac180000,0x00000007ac3f8000,0x00000007ac800000)
  to   space 6656K, 0% used [0x00000007abb00000,0x00000007abb00000,0x00000007ac180000)
 ParOldGen       total 44032K, used 5365K [0x0000000780000000, 0x0000000782b00000, 0x00000007aab00000)
  object space 44032K, 12% used [0x0000000780000000,0x000000078053d630,0x0000000782b00000)
 Metaspace       used 16695K, capacity 17766K, committed 18048K, reserved 1064960K
  class space    used 2400K, capacity 2614K, committed 2688K, reserved 1048576K
}

Deoptimization events (10 events):
Event: 9.419 Thread 0x00007ffc828f9800 Uncommon trap: reason=class_check action=maybe_recompile pc=0x000000010a8cbfdc method=java.lang.String.equals(Ljava/lang/Object;)Z @ 8
Event: 9.921 Thread 0x00007ffc828f9800 Uncommon trap: reason=array_check action=maybe_recompile pc=0x000000010abd0e44 method=com.sun.javafx.css.SimpleSelector.applies(Ljavafx/css/Styleable;[Ljava/util/Set;I)Z @ 37
Event: 9.922 Thread 0x00007ffc828f9800 Uncommon trap: reason=array_check action=maybe_recompile pc=0x000000010abd0e44 method=com.sun.javafx.css.SimpleSelector.applies(Ljavafx/css/Styleable;[Ljava/util/Set;I)Z @ 37
Event: 9.922 Thread 0x00007ffc828f9800 Uncommon trap: reason=array_check action=maybe_recompile pc=0x000000010abd0e44 method=com.sun.javafx.css.SimpleSelector.applies(Ljavafx/css/Styleable;[Ljava/util/Set;I)Z @ 37
Event: 9.923 Thread 0x00007ffc828f9800 Uncommon trap: reason=array_check action=maybe_recompile pc=0x000000010abd0e44 method=com.sun.javafx.css.SimpleSelector.applies(Ljavafx/css/Styleable;[Ljava/util/Set;I)Z @ 37
Event: 10.373 Thread 0x00007ffc828f9800 Uncommon trap: reason=unstable_if action=reinterpret pc=0x000000010ac94da0 method=javafx.scene.Node.impl_isDirty(Lcom/sun/javafx/scene/DirtyBits;)Z @ 12
Event: 10.593 Thread 0x00007ffc828f9800 Uncommon trap: reason=unstable_if action=reinterpret pc=0x000000010ac34f94 method=com.sun.javafx.css.SimpleSelector.stateMatches(Ljavafx/css/Styleable;Ljava/util/Set;)Z @ 1
Event: 14.470 Thread 0x00007ffc828f9800 Uncommon trap: reason=unstable_if action=reinterpret pc=0x000000010aaa3a74 method=jdk.internal.org.objectweb.asm.Type.getArgumentsAndReturnSizes(Ljava/lang/String;)I @ 47
Event: 29.794 Thread 0x00007ffc828f9800 Uncommon trap: reason=unstable_if action=reinterpret pc=0x000000010ab520b0 method=java.lang.String.trim()Ljava/lang/String; @ 23
Event: 2147.130 Thread 0x00007ffc828f9800 Uncommon trap: reason=unstable_if action=reinterpret pc=0x000000010afd1550 method=com.sun.javafx.tk.quantum.QuantumToolkit.runWithoutRenderLock(Ljava/util/function/Supplier;)Ljava/lang/Object; @ 8

Internal exceptions (10 events):
Event: 0.440 Thread 0x00007ffc82004000 Exception <a 'java/lang/NoSuchFieldError': method resolution failed> (0x00000007aad9d2d8) thrown at [/Users/java_re/workspace/8-2-build-macosx-x86_64/jdk8u45/3457/hotspot/src/share/vm/prims/methodHandles.cpp, line 1125]
Event: 0.443 Thread 0x00007ffc82004000 Exception <a 'java/lang/NoSuchFieldError': method resolution failed> (0x00000007aadab9a8) thrown at [/Users/java_re/workspace/8-2-build-macosx-x86_64/jdk8u45/3457/hotspot/src/share/vm/prims/methodHandles.cpp, line 1125]
Event: 0.474 Thread 0x00007ffc82004000 Exception <a 'java/security/PrivilegedActionException'> (0x00000007aae382b0) thrown at [/Users/java_re/workspace/8-2-build-macosx-x86_64/jdk8u45/3457/hotspot/src/share/vm/prims/jvm.cpp, line 1382]
Event: 0.474 Thread 0x00007ffc82004000 Exception <a 'java/security/PrivilegedActionException'> (0x00000007aae38468) thrown at [/Users/java_re/workspace/8-2-build-macosx-x86_64/jdk8u45/3457/hotspot/src/share/vm/prims/jvm.cpp, line 1382]
Event: 0.474 Thread 0x00007ffc82004000 Exception <a 'java/security/PrivilegedActionException'> (0x00000007aae3b658) thrown at [/Users/java_re/workspace/8-2-build-macosx-x86_64/jdk8u45/3457/hotspot/src/share/vm/prims/jvm.cpp, line 1382]
Event: 0.474 Thread 0x00007ffc82004000 Exception <a 'java/security/PrivilegedActionException'> (0x00000007aae3b810) thrown at [/Users/java_re/workspace/8-2-build-macosx-x86_64/jdk8u45/3457/hotspot/src/share/vm/prims/jvm.cpp, line 1382]
Event: 0.474 Thread 0x00007ffc82004000 Exception <a 'java/lang/NullPointerException'> (0x00000007aae3d130) thrown at [/Users/java_re/workspace/8-2-build-macosx-x86_64/jdk8u45/3457/hotspot/src/share/vm/interpreter/linkResolver.cpp, line 1178]
Event: 8.466 Thread 0x00007ffc828f9800 Exception <a 'java/lang/NullPointerException'> (0x00000007ab692658) thrown at [/Users/java_re/workspace/8-2-build-macosx-x86_64/jdk8u45/3457/hotspot/src/share/vm/interpreter/linkResolver.cpp, line 1178]
Event: 8.466 Thread 0x00007ffc828f9800 Exception <a 'java/lang/NullPointerException'> (0x00000007ab692658) thrown at [/Users/java_re/workspace/8-2-build-macosx-x86_64/jdk8u45/3457/hotspot/src/share/vm/prims/jvm.cpp, line 1386]
Event: 10.593 Thread 0x00007ffc828f9800 Implicit null exception at 0x000000010ac34761 to 0x000000010ac34f69

Events (10 events):
Event: 2147.263 Thread 0x00007ffc82941800 Thread exited: 0x00007ffc82941800
Event: 2147.264 Thread 0x00007ffc82004000 Thread exited: 0x00007ffc82004000
Event: 2147.264 Thread 0x00007ffc81190000 Thread exited: 0x00007ffc81190000
Event: 2147.264 Thread 0x00007ffc8128e000 Thread added: 0x00007ffc8128e000
Event: 2147.635 loading class java/util/IdentityHashMap$KeyIterator
Event: 2147.635 loading class java/util/IdentityHashMap$IdentityHashMapIterator
Event: 2147.635 loading class java/util/IdentityHashMap$IdentityHashMapIterator done
Event: 2147.635 loading class java/util/IdentityHashMap$KeyIterator done
Event: 2147.635 Thread 0x00007ffc8128e000 Thread exited: 0x00007ffc8128e000
Event: 2147.635 Thread 0x00007ffc828f9800 Thread exited: 0x00007ffc828f9800


Dynamic libraries:
0x000000000cec5000 	/System/Library/Frameworks/Cocoa.framework/Versions/A/Cocoa
0x000000000cec5000 	/System/Library/Frameworks/Security.framework/Versions/A/Security
0x000000000cec5000 	/System/Library/Frameworks/ApplicationServices.framework/Versions/A/ApplicationServices
0x000000000cec5000 	/usr/lib/libz.1.dylib
0x000000000cec5000 	/usr/lib/libSystem.B.dylib
0x000000000cec5000 	/usr/lib/libobjc.A.dylib
0x000000000cec5000 	/System/Library/Frameworks/CoreFoundation.framework/Versions/A/CoreFoundation
0x000000000cec5000 	/System/Library/Frameworks/Foundation.framework/Versions/C/Foundation
0x000000000cec5000 	/System/Library/Frameworks/AppKit.framework/Versions/C/AppKit
0x000000000cec5000 	/System/Library/Frameworks/CoreData.framework/Versions/A/CoreData
0x000000000cec5000 	/System/Library/PrivateFrameworks/RemoteViewServices.framework/Versions/A/RemoteViewServices
0x000000000cec5000 	/System/Library/PrivateFrameworks/UIFoundation.framework/Versions/A/UIFoundation
0x000000000cec5000 	/System/Library/Frameworks/IOSurface.framework/Versions/A/IOSurface
0x000000000cec5000 	/System/Library/Frameworks/AudioToolbox.framework/Versions/A/AudioToolbox
0x000000000cec5000 	/System/Library/Frameworks/AudioUnit.framework/Versions/A/AudioUnit
0x000000000cec5000 	/System/Library/PrivateFrameworks/DataDetectorsCore.framework/Versions/A/DataDetectorsCore
0x000000000cec5000 	/System/Library/PrivateFrameworks/DesktopServicesPriv.framework/Versions/A/DesktopServicesPriv
0x000000000cec5000 	/System/Library/Frameworks/Carbon.framework/Versions/A/Frameworks/HIToolbox.framework/Versions/A/HIToolbox
0x000000000cec5000 	/System/Library/Frameworks/QuartzCore.framework/Versions/A/QuartzCore
0x000000000cec5000 	/System/Library/Frameworks/Carbon.framework/Versions/A/Frameworks/SpeechRecognition.framework/Versions/A/SpeechRecognition
0x000000000cec5000 	/usr/lib/libauto.dylib
0x000000000cec5000 	/usr/lib/libicucore.A.dylib
0x000000000cec5000 	/usr/lib/libxml2.2.dylib
0x000000000cec5000 	/System/Library/PrivateFrameworks/CoreUI.framework/Versions/A/CoreUI
0x000000000cec5000 	/System/Library/Frameworks/CoreAudio.framework/Versions/A/CoreAudio
0x000000000cec5000 	/System/Library/Frameworks/DiskArbitration.framework/Versions/A/DiskArbitration
0x000000000cec5000 	/usr/lib/liblangid.dylib
0x000000000cec5000 	/System/Library/PrivateFrameworks/MultitouchSupport.framework/Versions/A/MultitouchSupport
0x000000000cec5000 	/System/Library/Frameworks/IOKit.framework/Versions/A/IOKit
0x000000000cec5000 	/usr/lib/libDiagnosticMessagesClient.dylib
0x000000000cec5000 	/System/Library/Frameworks/CoreServices.framework/Versions/A/CoreServices
0x000000000cec5000 	/System/Library/PrivateFrameworks/PerformanceAnalysis.framework/Versions/A/PerformanceAnalysis
0x000000000cec5000 	/System/Library/PrivateFrameworks/GenerationalStorage.framework/Versions/A/GenerationalStorage
0x000000000cec5000 	/System/Library/Frameworks/OpenGL.framework/Versions/A/OpenGL
0x000000000cec5000 	/System/Library/PrivateFrameworks/Sharing.framework/Versions/A/Sharing
0x000000000cec5000 	/System/Library/Frameworks/CoreGraphics.framework/Versions/A/CoreGraphics
0x000000000cec5000 	/System/Library/Frameworks/CoreText.framework/Versions/A/CoreText
0x000000000cec5000 	/System/Library/Frameworks/ImageIO.framework/Versions/A/ImageIO
0x000000000cec5000 	/usr/lib/libextension.dylib
0x000000000cec5000 	/System/Library/PrivateFrameworks/Backup.framework/Versions/A/Backup
0x000000000cec5000 	/usr/lib/libarchive.2.dylib
0x000000000cec5000 	/System/Library/Frameworks/CFNetwork.framework/Versions/A/CFNetwork
0x000000000cec5000 	/System/Library/Frameworks/SystemConfiguration.framework/Versions/A/SystemConfiguration
0x000000000cec5000 	/usr/lib/libCRFSuite.dylib
0x000000000cec5000 	/usr/lib/libc++.1.dylib
0x000000000cec5000 	/usr/lib/libc++abi.dylib
0x000000000cec5000 	/usr/lib/system/libcache.dylib
0x000000000cec5000 	/usr/lib/system/libcommonCrypto.dylib
0x000000000cec5000 	/usr/lib/system/libcompiler_rt.dylib
0x000000000cec5000 	/usr/lib/system/libcopyfile.dylib
0x000000000cec5000 	/usr/lib/system/libcorecrypto.dylib
0x000000000cec5000 	/usr/lib/system/libdispatch.dylib
0x000000000cec5000 	/usr/lib/system/libdyld.dylib
0x000000000cec5000 	/usr/lib/system/libkeymgr.dylib
0x000000000cec5000 	/usr/lib/system/liblaunch.dylib
0x000000000cec5000 	/usr/lib/system/libmacho.dylib
0x000000000cec5000 	/usr/lib/system/libquarantine.dylib
0x000000000cec5000 	/usr/lib/system/libremovefile.dylib
0x000000000cec5000 	/usr/lib/system/libsystem_asl.dylib
0x000000000cec5000 	/usr/lib/system/libsystem_blocks.dylib
0x000000000cec5000 	/usr/lib/system/libsystem_c.dylib
0x000000000cec5000 	/usr/lib/system/libsystem_configuration.dylib
0x000000000cec5000 	/usr/lib/system/libsystem_coreservices.dylib
0x000000000cec5000 	/usr/lib/system/libsystem_coretls.dylib
0x000000000cec5000 	/usr/lib/system/libsystem_dnssd.dylib
0x000000000cec5000 	/usr/lib/system/libsystem_info.dylib
0x000000000cec5000 	/usr/lib/system/libsystem_kernel.dylib
0x000000000cec5000 	/usr/lib/system/libsystem_m.dylib
0x000000000cec5000 	/usr/lib/system/libsystem_malloc.dylib
0x000000000cec5000 	/usr/lib/system/libsystem_network.dylib
0x000000000cec5000 	/usr/lib/system/libsystem_networkextension.dylib
0x000000000cec5000 	/usr/lib/system/libsystem_notify.dylib
0x000000000cec5000 	/usr/lib/system/libsystem_platform.dylib
0x000000000cec5000 	/usr/lib/system/libsystem_pthread.dylib
0x000000000cec5000 	/usr/lib/system/libsystem_sandbox.dylib
0x000000000cec5000 	/usr/lib/system/libsystem_secinit.dylib
0x000000000cec5000 	/usr/lib/system/libsystem_stats.dylib
0x000000000cec5000 	/usr/lib/system/libsystem_trace.dylib
0x000000000cec5000 	/usr/lib/system/libunc.dylib
0x000000000cec5000 	/usr/lib/system/libunwind.dylib
0x000000000cec5000 	/usr/lib/system/libxpc.dylib
0x000000000cec5000 	/usr/lib/libbz2.1.0.dylib
0x000000000cec5000 	/usr/lib/liblzma.5.dylib
0x000000000cec5000 	/usr/lib/libbsm.0.dylib
0x000000000cec5000 	/usr/lib/libsqlite3.dylib
0x000000000cec5000 	/usr/lib/system/libkxld.dylib
0x000000000cec5000 	/usr/lib/libxar.1.dylib
0x000000000cec5000 	/usr/lib/libpam.2.dylib
0x000000000cec5000 	/usr/lib/libOpenScriptingUtil.dylib
0x000000000cec5000 	/System/Library/Frameworks/CoreServices.framework/Versions/A/Frameworks/FSEvents.framework/Versions/A/FSEvents
0x000000000cec5000 	/System/Library/Frameworks/CoreServices.framework/Versions/A/Frameworks/CarbonCore.framework/Versions/A/CarbonCore
0x000000000cec5000 	/System/Library/Frameworks/CoreServices.framework/Versions/A/Frameworks/Metadata.framework/Versions/A/Metadata
0x000000000cec5000 	/System/Library/Frameworks/CoreServices.framework/Versions/A/Frameworks/OSServices.framework/Versions/A/OSServices
0x000000000cec5000 	/System/Library/Frameworks/CoreServices.framework/Versions/A/Frameworks/SearchKit.framework/Versions/A/SearchKit
0x000000000cec5000 	/System/Library/Frameworks/CoreServices.framework/Versions/A/Frameworks/AE.framework/Versions/A/AE
0x000000000cec5000 	/System/Library/Frameworks/CoreServices.framework/Versions/A/Frameworks/LaunchServices.framework/Versions/A/LaunchServices
0x000000000cec5000 	/System/Library/Frameworks/CoreServices.framework/Versions/A/Frameworks/DictionaryServices.framework/Versions/A/DictionaryServices
0x000000000cec5000 	/System/Library/Frameworks/NetFS.framework/Versions/A/NetFS
0x000000000cec5000 	/System/Library/PrivateFrameworks/NetAuth.framework/Versions/A/NetAuth
0x000000000cec5000 	/System/Library/PrivateFrameworks/login.framework/Versions/A/Frameworks/loginsupport.framework/Versions/A/loginsupport
0x000000000cec5000 	/System/Library/PrivateFrameworks/TCC.framework/Versions/A/TCC
0x000000000cec5000 	/usr/lib/libmecabra.dylib
0x000000000cec5000 	/System/Library/Frameworks/ApplicationServices.framework/Versions/A/Frameworks/ATS.framework/Versions/A/ATS
0x000000000cec5000 	/System/Library/Frameworks/ApplicationServices.framework/Versions/A/Frameworks/ColorSync.framework/Versions/A/ColorSync
0x000000000cec5000 	/System/Library/Frameworks/ApplicationServices.framework/Versions/A/Frameworks/HIServices.framework/Versions/A/HIServices
0x000000000cec5000 	/System/Library/Frameworks/ApplicationServices.framework/Versions/A/Frameworks/LangAnalysis.framework/Versions/A/LangAnalysis
0x000000000cec5000 	/System/Library/Frameworks/ApplicationServices.framework/Versions/A/Frameworks/PrintCore.framework/Versions/A/PrintCore
0x000000000cec5000 	/System/Library/Frameworks/ApplicationServices.framework/Versions/A/Frameworks/QD.framework/Versions/A/QD
0x000000000cec5000 	/System/Library/Frameworks/ApplicationServices.framework/Versions/A/Frameworks/SpeechSynthesis.framework/Versions/A/SpeechSynthesis
0x000000000cec5000 	/System/Library/Frameworks/Accelerate.framework/Versions/A/Accelerate
0x000000000cec5000 	/System/Library/Frameworks/Accelerate.framework/Versions/A/Frameworks/vImage.framework/Versions/A/vImage
0x000000000cec5000 	/System/Library/Frameworks/Accelerate.framework/Versions/A/Frameworks/vecLib.framework/Versions/A/vecLib
0x000000000cec5000 	/System/Library/Frameworks/Accelerate.framework/Versions/A/Frameworks/vecLib.framework/Versions/A/libvDSP.dylib
0x000000000cec5000 	/System/Library/Frameworks/Accelerate.framework/Versions/A/Frameworks/vecLib.framework/Versions/A/libvMisc.dylib
0x000000000cec5000 	/System/Library/Frameworks/Accelerate.framework/Versions/A/Frameworks/vecLib.framework/Versions/A/libLAPACK.dylib
0x000000000cec5000 	/System/Library/Frameworks/Accelerate.framework/Versions/A/Frameworks/vecLib.framework/Versions/A/libBLAS.dylib
0x000000000cec5000 	/System/Library/Frameworks/Accelerate.framework/Versions/A/Frameworks/vecLib.framework/Versions/A/libLinearAlgebra.dylib
0x000000000cec5000 	/System/Library/Frameworks/ApplicationServices.framework/Versions/A/Frameworks/ATS.framework/Versions/A/Resources/libFontParser.dylib
0x000000000cec5000 	/System/Library/Frameworks/ApplicationServices.framework/Versions/A/Frameworks/ATS.framework/Versions/A/Resources/libFontRegistry.dylib
0x000000000cec5000 	/System/Library/PrivateFrameworks/AppleVPA.framework/Versions/A/AppleVPA
0x000000000cec5000 	/System/Library/PrivateFrameworks/AppleJPEG.framework/Versions/A/AppleJPEG
0x000000000cec5000 	/System/Library/Frameworks/ImageIO.framework/Versions/A/Resources/libJPEG.dylib
0x000000000cec5000 	/System/Library/Frameworks/ImageIO.framework/Versions/A/Resources/libTIFF.dylib
0x000000000cec5000 	/System/Library/Frameworks/ImageIO.framework/Versions/A/Resources/libPng.dylib
0x000000000cec5000 	/System/Library/Frameworks/ImageIO.framework/Versions/A/Resources/libGIF.dylib
0x000000000cec5000 	/System/Library/Frameworks/ImageIO.framework/Versions/A/Resources/libJP2.dylib
0x000000000cec5000 	/System/Library/Frameworks/ImageIO.framework/Versions/A/Resources/libRadiance.dylib
0x000000000cec5000 	/System/Library/Frameworks/CoreVideo.framework/Versions/A/CoreVideo
0x000000000cec5000 	/System/Library/Frameworks/OpenGL.framework/Versions/A/Libraries/libGLU.dylib
0x000000000cec5000 	/System/Library/Frameworks/OpenGL.framework/Versions/A/Libraries/libGFXShared.dylib
0x000000000cec5000 	/System/Library/Frameworks/OpenGL.framework/Versions/A/Libraries/libGL.dylib
0x000000000cec5000 	/System/Library/Frameworks/OpenGL.framework/Versions/A/Libraries/libGLImage.dylib
0x000000000cec5000 	/System/Library/Frameworks/OpenGL.framework/Versions/A/Libraries/libCVMSPluginSupport.dylib
0x000000000cec5000 	/System/Library/Frameworks/OpenGL.framework/Versions/A/Libraries/libCoreVMClient.dylib
0x000000000cec5000 	/usr/lib/libcups.2.dylib
0x000000000cec5000 	/System/Library/Frameworks/Kerberos.framework/Versions/A/Kerberos
0x000000000cec5000 	/System/Library/Frameworks/GSS.framework/Versions/A/GSS
0x000000000cec5000 	/usr/lib/libresolv.9.dylib
0x000000000cec5000 	/usr/lib/libiconv.2.dylib
0x000000000cec5000 	/System/Library/PrivateFrameworks/Heimdal.framework/Versions/A/Heimdal
0x000000000cec5000 	/usr/lib/libheimdal-asn1.dylib
0x000000000cec5000 	/System/Library/Frameworks/OpenDirectory.framework/Versions/A/OpenDirectory
0x000000000cec5000 	/System/Library/PrivateFrameworks/CommonAuth.framework/Versions/A/CommonAuth
0x000000000cec5000 	/System/Library/Frameworks/OpenDirectory.framework/Versions/A/Frameworks/CFOpenDirectory.framework/Versions/A/CFOpenDirectory
0x000000000cec5000 	/System/Library/Frameworks/SecurityFoundation.framework/Versions/A/SecurityFoundation
0x000000000cec5000 	/System/Library/PrivateFrameworks/LanguageModeling.framework/Versions/A/LanguageModeling
0x000000000cec5000 	/usr/lib/libcmph.dylib
0x000000000cec5000 	/System/Library/Frameworks/ServiceManagement.framework/Versions/A/ServiceManagement
0x000000000cec5000 	/usr/lib/libxslt.1.dylib
0x000000000cec5000 	/System/Library/Frameworks/Carbon.framework/Versions/A/Frameworks/Ink.framework/Versions/A/Ink
0x000000000cec5000 	/System/Library/Frameworks/QuartzCore.framework/Versions/A/Frameworks/CoreImage.framework/Versions/A/CoreImage
0x000000000cec5000 	/System/Library/PrivateFrameworks/CrashReporterSupport.framework/Versions/A/CrashReporterSupport
0x000000000cec5000 	/System/Library/Frameworks/OpenCL.framework/Versions/A/OpenCL
0x000000000cec5000 	/System/Library/PrivateFrameworks/FaceCore.framework/Versions/A/FaceCore
0x000000000cec5000 	/System/Library/PrivateFrameworks/Ubiquity.framework/Versions/A/Ubiquity
0x000000000cec5000 	/System/Library/PrivateFrameworks/IconServices.framework/Versions/A/IconServices
0x000000000cec5000 	/System/Library/PrivateFrameworks/ChunkingLibrary.framework/Versions/A/ChunkingLibrary
0x000000000cec5000 	/System/Library/PrivateFrameworks/Apple80211.framework/Versions/A/Apple80211
0x000000000cec5000 	/System/Library/Frameworks/CoreWLAN.framework/Versions/A/CoreWLAN
0x000000000cec5000 	/System/Library/Frameworks/IOBluetooth.framework/Versions/A/IOBluetooth
0x000000000cec5000 	/System/Library/PrivateFrameworks/CoreWiFi.framework/Versions/A/CoreWiFi
0x000000000cec5000 	/System/Library/Frameworks/CoreBluetooth.framework/Versions/A/CoreBluetooth
0x000000000cec5000 	/System/Library/PrivateFrameworks/DebugSymbols.framework/Versions/A/DebugSymbols
0x000000000cec5000 	/System/Library/PrivateFrameworks/CoreSymbolication.framework/Versions/A/CoreSymbolication
0x000000000cec5000 	/System/Library/PrivateFrameworks/Symbolication.framework/Versions/A/Symbolication
0x000000000cec5000 	/System/Library/PrivateFrameworks/SpeechRecognitionCore.framework/Versions/A/SpeechRecognitionCore
0x0000000109800000 	/Library/Java/JavaVirtualMachines/jdk1.8.0_45.jdk/Contents/Home/jre/lib/server/libjvm.dylib
0x000000000cec5000 	/usr/lib/libstdc++.6.dylib
0x0000000108fc6000 	/Library/Java/JavaVirtualMachines/jdk1.8.0_45.jdk/Contents/Home/jre/lib/libverify.dylib
0x000000010a769000 	/Library/Java/JavaVirtualMachines/jdk1.8.0_45.jdk/Contents/Home/jre/lib/libjava.dylib
0x0000000108fde000 	/Library/Java/JavaVirtualMachines/jdk1.8.0_45.jdk/Contents/Home/jre/lib/libzip.dylib
0x000000011e298000 	/System/Library/Frameworks/JavaVM.framework/Frameworks/JavaRuntimeSupport.framework/JavaRuntimeSupport
0x000000011e2b0000 	/System/Library/Frameworks/JavaVM.framework/Versions/A/Frameworks/JavaNativeFoundation.framework/Versions/A/JavaNativeFoundation
0x000000011e2c5000 	/System/Library/Frameworks/JavaVM.framework/Versions/A/JavaVM
0x000000000cec5000 	/System/Library/Frameworks/Carbon.framework/Versions/A/Carbon
0x000000011e2d2000 	/System/Library/PrivateFrameworks/JavaLaunching.framework/Versions/A/JavaLaunching
0x000000000cec5000 	/System/Library/Frameworks/Carbon.framework/Versions/A/Frameworks/CommonPanels.framework/Versions/A/CommonPanels
0x000000000cec5000 	/System/Library/Frameworks/Carbon.framework/Versions/A/Frameworks/Help.framework/Versions/A/Help
0x000000000cec5000 	/System/Library/Frameworks/Carbon.framework/Versions/A/Frameworks/ImageCapture.framework/Versions/A/ImageCapture
0x000000000cec5000 	/System/Library/Frameworks/Carbon.framework/Versions/A/Frameworks/OpenScripting.framework/Versions/A/OpenScripting
0x000000000cec5000 	/System/Library/Frameworks/Carbon.framework/Versions/A/Frameworks/Print.framework/Versions/A/Print
0x000000000cec5000 	/System/Library/Frameworks/Carbon.framework/Versions/A/Frameworks/SecurityHI.framework/Versions/A/SecurityHI
0x000000012031a000 	/Library/Java/JavaVirtualMachines/jdk1.8.0_45.jdk/Contents/Home/jre/lib/libprism_es2.dylib
0x000000000cec5000 	/System/Library/Frameworks/OpenGL.framework/Versions/A/Resources/GLEngine.bundle/GLEngine
0x000000000cec5000 	/System/Library/Frameworks/OpenGL.framework/Versions/A/Libraries/libGLProgrammability.dylib
0x0000000000000000 	/System/Library/Extensions/AppleIntelHD5000GraphicsGLDriver.bundle/Contents/MacOS/AppleIntelHD5000GraphicsGLDriver
0x000000000cec5000 	/System/Library/PrivateFrameworks/IOAccelerator.framework/Versions/A/IOAccelerator
0x000000000cec5000 	/System/Library/PrivateFrameworks/GPUSupport.framework/Versions/A/Libraries/libGPUSupportMercury.dylib
0x000000000cec5000 	/System/Library/Frameworks/OpenGL.framework/Versions/A/Resources/GLRendererFloat.bundle/GLRendererFloat
0x000000000cec5000 	/System/Library/Frameworks/OpenCL.framework/Versions/A/Libraries/libcldcpuengine.dylib
0x000000000cec5000 	/System/Library/PrivateFrameworks/DiskImages.framework/Versions/A/DiskImages
0x000000000cec5000 	/System/Library/Frameworks/DiscRecording.framework/Versions/A/DiscRecording
0x000000000cec5000 	/usr/lib/libcsfde.dylib
0x000000000cec5000 	/usr/lib/libcurl.4.dylib
0x000000000cec5000 	/System/Library/PrivateFrameworks/MediaKit.framework/Versions/A/MediaKit
0x000000000cec5000 	/System/Library/PrivateFrameworks/ProtectedCloudStorage.framework/Versions/A/ProtectedCloudStorage
0x000000000cec5000 	/usr/lib/libCoreStorage.dylib
0x000000000cec5000 	/System/Library/PrivateFrameworks/EFILogin.framework/Versions/A/EFILogin
0x000000000cec5000 	/usr/lib/libutil.dylib
0x000000000cec5000 	/System/Library/PrivateFrameworks/FindMyDevice.framework/Versions/A/FindMyDevice
0x000000000cec5000 	/System/Library/Frameworks/LDAP.framework/Versions/A/LDAP
0x000000000cec5000 	/usr/lib/libsasl2.2.dylib
0x000000000cec5000 	/System/Library/PrivateFrameworks/CoreDaemon.framework/Versions/B/CoreDaemon
0x000000000cec5000 	/usr/lib/libcrypto.0.9.8.dylib
0x000000000cec5000 	/System/Library/PrivateFrameworks/AppleSRP.framework/Versions/A/AppleSRP
0x000000000cec5000 	/System/Library/PrivateFrameworks/TrustEvaluationAgent.framework/Versions/A/TrustEvaluationAgent
0x000000012084f000 	/Library/Java/JavaVirtualMachines/jdk1.8.0_45.jdk/Contents/Home/jre/lib/libglass.dylib
0x000000000cec5000 	/System/Library/PrivateFrameworks/CoreServicesInternal.framework/Versions/A/CoreServicesInternal
0x000000000cec5000 	/System/Library/PrivateFrameworks/CloudDocs.framework/Versions/A/CloudDocs
0x000000000cec5000 	/System/Library/PrivateFrameworks/CoreDuet.framework/Versions/A/CoreDuet
0x000000000cec5000 	/System/Library/Frameworks/CloudKit.framework/Versions/A/CloudKit
0x000000000cec5000 	/System/Library/PrivateFrameworks/ProtocolBuffer.framework/Versions/A/ProtocolBuffer
0x000000000cec5000 	/System/Library/PrivateFrameworks/CoreDuetDaemonProtocol.framework/Versions/A/CoreDuetDaemonProtocol
0x000000000cec5000 	/System/Library/PrivateFrameworks/CoreDuetDebugLogging.framework/Versions/A/CoreDuetDebugLogging
0x000000000cec5000 	/System/Library/PrivateFrameworks/MMCS.framework/Versions/A/MMCS
0x000000000cec5000 	/System/Library/Frameworks/CoreLocation.framework/Versions/A/CoreLocation
0x000000000cec5000 	/System/Library/PrivateFrameworks/GeoServices.framework/Versions/A/GeoServices
0x000000000cec5000 	/System/Library/Frameworks/CoreGraphics.framework/Versions/A/Resources/libCGCMS.A.dylib
0x000000000cec5000 	/System/Library/CoreServices/RawCamera.bundle/Contents/MacOS/RawCamera
0x000000000cec5000 	/System/Library/Frameworks/CoreGraphics.framework/Versions/A/Resources/libRIP.A.dylib
0x000000000cec5000 	/System/Library/PrivateFrameworks/FamilyControls.framework/Versions/A/FamilyControls
0x000000000cec5000 	/System/Library/PrivateFrameworks/CommerceKit.framework/Versions/A/Frameworks/CommerceCore.framework/Versions/A/CommerceCore
0x000000000cec5000 	/System/Library/PrivateFrameworks/SystemAdministration.framework/Versions/A/SystemAdministration
0x000000000cec5000 	/System/Library/PrivateFrameworks/AppContainer.framework/Versions/A/AppContainer
0x000000000cec5000 	/System/Library/PrivateFrameworks/SecCodeWrapper.framework/Versions/A/SecCodeWrapper
0x000000000cec5000 	/System/Library/Frameworks/DirectoryService.framework/Versions/A/DirectoryService
0x000000000cec5000 	/System/Library/PrivateFrameworks/LoginUIKit.framework/Versions/A/Frameworks/LoginUICore.framework/Versions/A/LoginUICore
0x000000000cec5000 	/usr/lib/libodfde.dylib
0x000000000cec5000 	/System/Library/Frameworks/CoreGraphics.framework/Versions/A/Resources/libCGXType.A.dylib
0x0000000125329000 	cl_kernels
0x000000012532b000 	/System/Library/Frameworks/OpenCL.framework/Versions/A/Libraries/ImageFormats/unorm8_bgra.dylib
0x000000012531a000 	cl_kernels
0x0000000125472000 	/Library/Java/JavaVirtualMachines/jdk1.8.0_45.jdk/Contents/Home/jre/lib/libjavafx_font.dylib
0x0000000126716000 	/Library/Java/JavaVirtualMachines/jdk1.8.0_45.jdk/Contents/Home/jre/lib/libprism_common.dylib

VM Arguments:
jvm_args: -Dfile.encoding=UTF-8 
java_command: SongDatabase
java_class_path (initial): /Users/christine/Documents/workspace2/MiniProject3/bin
Launcher Type: SUN_STANDARD

Environment Variables:
PATH=/usr/bin:/bin:/usr/sbin:/sbin
SHELL=/bin/bash

Signal Handlers:
SIGSEGV: [libjvm.dylib+0x58ef95], sa_mask[0]=11111111011111110111111111111111, sa_flags=SA_ONSTACK|SA_RESTART|SA_SIGINFO
SIGBUS: [libjvm.dylib+0x58ef95], sa_mask[0]=11111111011111110111111111111111, sa_flags=SA_RESTART|SA_SIGINFO
SIGFPE: [libjvm.dylib+0x46c108], sa_mask[0]=11111111011111110111111111111111, sa_flags=SA_RESTART|SA_SIGINFO
SIGPIPE: [libjvm.dylib+0x46c108], sa_mask[0]=11111111011111110111111111111111, sa_flags=SA_RESTART|SA_SIGINFO
SIGXFSZ: [libjvm.dylib+0x46c108], sa_mask[0]=11111111011111110111111111111111, sa_flags=SA_RESTART|SA_SIGINFO
SIGILL: [libjvm.dylib+0x46c108], sa_mask[0]=11111111011111110111111111111111, sa_flags=SA_RESTART|SA_SIGINFO
SIGUSR1: SIG_DFL, sa_mask[0]=00000000000000000000000000000000, sa_flags=none
SIGUSR2: [libjvm.dylib+0x46bc26], sa_mask[0]=00100000000000000000000000000000, sa_flags=SA_RESTART|SA_SIGINFO
SIGHUP: [libjvm.dylib+0x46a1f9], sa_mask[0]=11111111011111110111111111111111, sa_flags=SA_RESTART|SA_SIGINFO
SIGINT: [libjvm.dylib+0x46a1f9], sa_mask[0]=11111111011111110111111111111111, sa_flags=SA_RESTART|SA_SIGINFO
SIGTERM: [libjvm.dylib+0x46a1f9], sa_mask[0]=11111111011111110111111111111111, sa_flags=SA_RESTART|SA_SIGINFO
SIGQUIT: [libjvm.dylib+0x46a1f9], sa_mask[0]=11111111011111110111111111111111, sa_flags=SA_RESTART|SA_SIGINFO


---------------  S Y S T E M  ---------------

OS:Bsduname:Darwin 14.3.0 Darwin Kernel Version 14.3.0: Mon Mar 23 11:59:05 PDT 2015; root:xnu-2782.20.48~5/RELEASE_X86_64 x86_64
rlimit: STACK 8192k, CORE 0k, NPROC 709, NOFILE 10240, AS infinity
load average:23.96 10.24 6.92

CPU:total 4 (2 cores per cpu, 2 threads per core) family 6 model 69 stepping 1, cmov, cx8, fxsr, mmx, sse, sse2, sse3, ssse3, sse4.1, sse4.2, popcnt, avx, avx2, aes, clmul, erms, lzcnt, ht, tsc, tscinvbit, bmi1, bmi2

Memory: 4k page, physical 4194304k(15336k free)

/proc/meminfo:


vm_info: Java HotSpot(TM) 64-Bit Server VM (25.45-b02) for bsd-amd64 JRE (1.8.0_45-b14), built on Apr 10 2015 10:46:38 by "java_re" with gcc 4.2.1 (Based on Apple Inc. build 5658) (LLVM build 2336.11.00)

time: Thu Aug 13 14:49:16 2015
elapsed time: 2147 seconds (0d 0h 35m 47s)

